<?xml version="1.0" encoding="UTF-8"?>
<!-- Generated by org.testng.reporters.JUnitXMLReporter -->
<testsuite ignored="0" hostname="Leandro-Note" failures="0" tests="24" name="Surefire test" time="66.121" errors="0" timestamp="2024-03-26T22:07:38 ART">
  <testcase classname="tests.CartTest" name="goToCheckoutOne" time="0.27"/>
  <testcase classname="tests.CartTest" name="goToInventoryA" time="3.365"/>
  <testcase classname="tests.CartTest" name="goToInventoryB" time="0.312"/>
  <testcase classname="tests.CheckoutCompleteTest" name="backHome" time="0.576"/>
  <testcase classname="tests.CheckoutOneTest" name="backToCart" time="0.321"/>
  <testcase classname="tests.CheckoutOneTest" name="continueToCheckout2" time="0.428"/>
  <testcase classname="tests.CheckoutOneTest" name="continueToCheckout2WithNoData" time="0.324"/>
  <testcase classname="tests.CheckoutTwoTest" name="cancelCheckout" time="0.462"/>
  <testcase classname="tests.CheckoutTwoTest" name="finishCheckout" time="0.503"/>
  <testcase classname="tests.InventoryTest" name="closeMenu" time="6.313"/>
  <testcase classname="tests.InventoryTest" name="filterChange" time="0.286"/>
  <testcase classname="tests.InventoryTest" name="goToAboutPage" time="6.627"/>
  <testcase classname="tests.InventoryTest" name="goToCart" time="0.231"/>
  <testcase classname="tests.InventoryTest" name="goToCartWithAddedItem" time="0.278"/>
  <testcase classname="tests.InventoryTest" name="goToInventory" time="3.36"/>
  <testcase classname="tests.InventoryTest" name="goToItemPageFromImage" time="0.253"/>
  <testcase classname="tests.InventoryTest" name="goToItemPageFromLabel" time="0.248"/>
  <testcase classname="tests.InventoryTest" name="logout" time="3.296"/>
  <testcase classname="tests.ItemTest" name="addToCart" time="0.329"/>
  <testcase classname="tests.ItemTest" name="backToInventory" time="0.306"/>
  <testcase classname="tests.ItemTest" name="removeFromCart" time="10.478"/>
  <testcase classname="tests.LoginTest" name="correctLogin" time="0.193"/>
  <testcase classname="tests.LoginTest" name="titleToUserName" time="0.063"/>
  <testcase classname="tests.LoginTest" name="wrongLogin" time="0.142"/>
</testsuite> <!-- Surefire test -->
