<?xml version="1.0" encoding="UTF-8"?>
<!-- Generated by org.testng.reporters.JUnitXMLReporter -->
<testsuite ignored="1" hostname="Leandro-Note" failures="0" tests="22" name="Surefire test" time="89.261" errors="0" timestamp="2024-04-07T19:09:19 ART">
  <testcase classname="tests.CartTest" name="goToCheckoutOne" time="1.526"/>
  <testcase classname="tests.CartTest" name="goToInventoryA" time="1.837"/>
  <testcase classname="tests.CartTest" name="goToInventoryB" time="2.143"/>
  <testcase classname="tests.CheckoutCompleteTest" name="backHome" time="2.477"/>
  <testcase classname="tests.CheckoutOneTest" name="backToCart" time="2.133"/>
  <testcase classname="tests.CheckoutOneTest" name="continueToCheckout2" time="1.671"/>
  <testcase classname="tests.CheckoutOneTest" name="continueToCheckout2WithNoData" time="1.583"/>
  <testcase classname="tests.CheckoutTwoTest" name="cancelCheckout" time="2.254"/>
  <testcase classname="tests.CheckoutTwoTest" name="finishCheckout" time="1.774"/>
  <testcase classname="tests.InventoryTest" name="closeMenu" time="1.191"/>
  <testcase classname="tests.InventoryTest" name="filterChange" time="1.278"/>
  <testcase classname="tests.InventoryTest" name="goToAboutPage" time="4.11"/>
  <testcase classname="tests.InventoryTest" name="goToCart" time="1.423"/>
  <testcase classname="tests.InventoryTest" name="goToCartWithAddedItem" time="1.528"/>
  <testcase classname="tests.InventoryTest" name="goToInventory" time="1.864"/>
  <testcase classname="tests.InventoryTest" name="goToItemPageFromImage" time="1.46"/>
  <testcase classname="tests.InventoryTest" name="goToItemPageFromLabel" time="1.471"/>
  <testcase classname="tests.InventoryTest" name="logout" time="1.193"/>
  <testcase classname="tests.ItemTest" name="addToCart" time="2.15"/>
  <testcase classname="tests.ItemTest" name="backToInventory" time="2.299"/>
  <testcase classname="tests.ItemTest" name="removeFromCart" time="26.415"/>
  <testcase classname="tests.LoginTest" name="correctLogin" time="0.803"/>
  <testcase classname="tests.LoginTest" name="wrongLogin" time="0.0">
    <ignored/>
  </testcase> <!-- wrongLogin -->
</testsuite> <!-- Surefire test -->
