<?xml version="1.0" encoding="UTF-8"?>
<testng-results ignored="0" total="22" passed="22" failed="0" skipped="0">
  <reporter-output>
  </reporter-output>
  <suite started-at="2024-04-16T23:43:34 ART" name="Surefire suite" finished-at="2024-04-16T23:45:17 ART" duration-ms="102577">
    <groups>
    </groups>
    <test started-at="2024-04-16T23:43:34 ART" name="Surefire test" finished-at="2024-04-16T23:45:17 ART" duration-ms="102577">
      <class name="tests.LoginTest">
        <test-method is-config="true" signature="setUp()[pri:0, instance:tests.LoginTest@4b5a5ed1]" started-at="2024-04-16T23:45:15 ART" name="setUp" finished-at="2024-04-16T23:45:16 ART" duration-ms="999" status="PASS">
          <reporter-output>
          </reporter-output>
        </test-method> <!-- setUp -->
        <test-method signature="correctLogin()[pri:0, instance:tests.LoginTest@4b5a5ed1]" started-at="2024-04-16T23:45:16 ART" name="correctLogin" description="Login with correct credentials" finished-at="2024-04-16T23:45:17 ART" duration-ms="1181" status="PASS">
          <reporter-output>
          </reporter-output>
        </test-method> <!-- correctLogin -->
        <test-method is-config="true" signature="tearDown(org.testng.ITestResult)[pri:0, instance:tests.LoginTest@4b5a5ed1]" started-at="2024-04-16T23:45:17 ART" name="tearDown" finished-at="2024-04-16T23:45:17 ART" duration-ms="79" status="PASS">
          <params>
            <param index="0">
              <value>
                <![CDATA[[TestResult name=correctLogin status=SUCCESS method=LoginTest.correctLogin()[pri:0, instance:tests.LoginTest@4b5a5ed1] output={null}]]]>
              </value>
            </param>
          </params>
          <reporter-output>
          </reporter-output>
        </test-method> <!-- tearDown -->
      </class> <!-- tests.LoginTest -->
      <class name="tests.ItemTest">
        <test-method is-config="true" signature="setUp()[pri:0, instance:tests.ItemTest@794cb805]" started-at="2024-04-16T23:44:34 ART" name="setUp" finished-at="2024-04-16T23:44:35 ART" duration-ms="999" status="PASS">
          <reporter-output>
          </reporter-output>
        </test-method> <!-- setUp -->
        <test-method signature="addToCart()[pri:0, instance:tests.ItemTest@794cb805]" started-at="2024-04-16T23:44:35 ART" name="addToCart" description="Add to cart" finished-at="2024-04-16T23:44:37 ART" duration-ms="2109" status="PASS">
          <reporter-output>
          </reporter-output>
        </test-method> <!-- addToCart -->
        <test-method is-config="true" signature="tearDown(org.testng.ITestResult)[pri:0, instance:tests.ItemTest@794cb805]" started-at="2024-04-16T23:44:37 ART" name="tearDown" finished-at="2024-04-16T23:44:37 ART" duration-ms="85" status="PASS">
          <params>
            <param index="0">
              <value>
                <![CDATA[[TestResult name=addToCart status=SUCCESS method=ItemTest.addToCart()[pri:0, instance:tests.ItemTest@794cb805] output={null}]]]>
              </value>
            </param>
          </params>
          <reporter-output>
          </reporter-output>
        </test-method> <!-- tearDown -->
        <test-method is-config="true" signature="setUp()[pri:0, instance:tests.ItemTest@794cb805]" started-at="2024-04-16T23:44:37 ART" name="setUp" finished-at="2024-04-16T23:44:38 ART" duration-ms="1035" status="PASS">
          <reporter-output>
          </reporter-output>
        </test-method> <!-- setUp -->
        <test-method signature="backToInventory()[pri:0, instance:tests.ItemTest@794cb805]" started-at="2024-04-16T23:44:38 ART" name="backToInventory" description="Go back to inventory" finished-at="2024-04-16T23:44:40 ART" duration-ms="2670" status="PASS">
          <reporter-output>
          </reporter-output>
        </test-method> <!-- backToInventory -->
        <test-method is-config="true" signature="tearDown(org.testng.ITestResult)[pri:0, instance:tests.ItemTest@794cb805]" started-at="2024-04-16T23:44:40 ART" name="tearDown" finished-at="2024-04-16T23:44:40 ART" duration-ms="49" status="PASS">
          <params>
            <param index="0">
              <value>
                <![CDATA[[TestResult name=backToInventory status=SUCCESS method=ItemTest.backToInventory()[pri:0, instance:tests.ItemTest@794cb805] output={null}]]]>
              </value>
            </param>
          </params>
          <reporter-output>
          </reporter-output>
        </test-method> <!-- tearDown -->
        <test-method is-config="true" signature="setUp()[pri:0, instance:tests.ItemTest@794cb805]" started-at="2024-04-16T23:44:40 ART" name="setUp" finished-at="2024-04-16T23:44:41 ART" duration-ms="1031" status="PASS">
          <reporter-output>
          </reporter-output>
        </test-method> <!-- setUp -->
        <test-method signature="removeFromCart()[pri:0, instance:tests.ItemTest@794cb805]" started-at="2024-04-16T23:44:41 ART" name="removeFromCart" description="Remove from cart" finished-at="2024-04-16T23:45:15 ART" duration-ms="33148" status="PASS">
          <reporter-output>
          </reporter-output>
        </test-method> <!-- removeFromCart -->
        <test-method is-config="true" signature="tearDown(org.testng.ITestResult)[pri:0, instance:tests.ItemTest@794cb805]" started-at="2024-04-16T23:45:15 ART" name="tearDown" finished-at="2024-04-16T23:45:15 ART" duration-ms="102" status="PASS">
          <params>
            <param index="0">
              <value>
                <![CDATA[[TestResult name=removeFromCart status=SUCCESS method=ItemTest.removeFromCart()[pri:0, instance:tests.ItemTest@794cb805] output={null}]]]>
              </value>
            </param>
          </params>
          <reporter-output>
          </reporter-output>
        </test-method> <!-- tearDown -->
      </class> <!-- tests.ItemTest -->
      <class name="tests.CheckoutTwoTest">
        <test-method is-config="true" signature="setUp()[pri:0, instance:tests.CheckoutTwoTest@1ed1993a]" started-at="2024-04-16T23:43:57 ART" name="setUp" finished-at="2024-04-16T23:43:58 ART" duration-ms="1037" status="PASS">
          <reporter-output>
          </reporter-output>
        </test-method> <!-- setUp -->
        <test-method signature="cancelCheckout()[pri:0, instance:tests.CheckoutTwoTest@1ed1993a]" started-at="2024-04-16T23:43:58 ART" name="cancelCheckout" description="Cancel checkout" finished-at="2024-04-16T23:44:01 ART" duration-ms="2620" status="PASS">
          <reporter-output>
          </reporter-output>
        </test-method> <!-- cancelCheckout -->
        <test-method is-config="true" signature="tearDown(org.testng.ITestResult)[pri:0, instance:tests.CheckoutTwoTest@1ed1993a]" started-at="2024-04-16T23:44:01 ART" name="tearDown" finished-at="2024-04-16T23:44:01 ART" duration-ms="73" status="PASS">
          <params>
            <param index="0">
              <value>
                <![CDATA[[TestResult name=cancelCheckout status=SUCCESS method=CheckoutTwoTest.cancelCheckout()[pri:0, instance:tests.CheckoutTwoTest@1ed1993a] output={null}]]]>
              </value>
            </param>
          </params>
          <reporter-output>
          </reporter-output>
        </test-method> <!-- tearDown -->
        <test-method is-config="true" signature="setUp()[pri:0, instance:tests.CheckoutTwoTest@1ed1993a]" started-at="2024-04-16T23:44:01 ART" name="setUp" finished-at="2024-04-16T23:44:02 ART" duration-ms="1070" status="PASS">
          <reporter-output>
          </reporter-output>
        </test-method> <!-- setUp -->
        <test-method signature="finishCheckout()[pri:0, instance:tests.CheckoutTwoTest@1ed1993a]" started-at="2024-04-16T23:44:02 ART" name="finishCheckout" description="Finish checkout" finished-at="2024-04-16T23:44:03 ART" duration-ms="1714" status="PASS">
          <reporter-output>
          </reporter-output>
        </test-method> <!-- finishCheckout -->
        <test-method is-config="true" signature="tearDown(org.testng.ITestResult)[pri:0, instance:tests.CheckoutTwoTest@1ed1993a]" started-at="2024-04-16T23:44:03 ART" name="tearDown" finished-at="2024-04-16T23:44:03 ART" duration-ms="75" status="PASS">
          <params>
            <param index="0">
              <value>
                <![CDATA[[TestResult name=finishCheckout status=SUCCESS method=CheckoutTwoTest.finishCheckout()[pri:0, instance:tests.CheckoutTwoTest@1ed1993a] output={null}]]]>
              </value>
            </param>
          </params>
          <reporter-output>
          </reporter-output>
        </test-method> <!-- tearDown -->
      </class> <!-- tests.CheckoutTwoTest -->
      <class name="tests.InventoryTest">
        <test-method is-config="true" signature="setUp()[pri:0, instance:tests.InventoryTest@1f3f4916]" started-at="2024-04-16T23:44:03 ART" name="setUp" finished-at="2024-04-16T23:44:04 ART" duration-ms="1012" status="PASS">
          <reporter-output>
          </reporter-output>
        </test-method> <!-- setUp -->
        <test-method signature="closeMenu()[pri:0, instance:tests.InventoryTest@1f3f4916]" started-at="2024-04-16T23:44:04 ART" name="closeMenu" description="Close hamburger menu" finished-at="2024-04-16T23:44:07 ART" duration-ms="2343" status="PASS">
          <reporter-output>
          </reporter-output>
        </test-method> <!-- closeMenu -->
        <test-method is-config="true" signature="tearDown(org.testng.ITestResult)[pri:0, instance:tests.InventoryTest@1f3f4916]" started-at="2024-04-16T23:44:07 ART" name="tearDown" finished-at="2024-04-16T23:44:07 ART" duration-ms="76" status="PASS">
          <params>
            <param index="0">
              <value>
                <![CDATA[[TestResult name=closeMenu status=SUCCESS method=InventoryTest.closeMenu()[pri:0, instance:tests.InventoryTest@1f3f4916] output={null}]]]>
              </value>
            </param>
          </params>
          <reporter-output>
          </reporter-output>
        </test-method> <!-- tearDown -->
        <test-method is-config="true" signature="setUp()[pri:0, instance:tests.InventoryTest@1f3f4916]" started-at="2024-04-16T23:44:07 ART" name="setUp" finished-at="2024-04-16T23:44:08 ART" duration-ms="1354" status="PASS">
          <reporter-output>
          </reporter-output>
        </test-method> <!-- setUp -->
        <test-method signature="filterChange()[pri:0, instance:tests.InventoryTest@1f3f4916]" started-at="2024-04-16T23:44:08 ART" name="filterChange" description="Change the shop filter" finished-at="2024-04-16T23:44:10 ART" duration-ms="1794" status="PASS">
          <reporter-output>
          </reporter-output>
        </test-method> <!-- filterChange -->
        <test-method is-config="true" signature="tearDown(org.testng.ITestResult)[pri:0, instance:tests.InventoryTest@1f3f4916]" started-at="2024-04-16T23:44:10 ART" name="tearDown" finished-at="2024-04-16T23:44:10 ART" duration-ms="84" status="PASS">
          <params>
            <param index="0">
              <value>
                <![CDATA[[TestResult name=filterChange status=SUCCESS method=InventoryTest.filterChange()[pri:0, instance:tests.InventoryTest@1f3f4916] output={null}]]]>
              </value>
            </param>
          </params>
          <reporter-output>
          </reporter-output>
        </test-method> <!-- tearDown -->
        <test-method is-config="true" signature="setUp()[pri:0, instance:tests.InventoryTest@1f3f4916]" started-at="2024-04-16T23:44:10 ART" name="setUp" finished-at="2024-04-16T23:44:11 ART" duration-ms="1041" status="PASS">
          <reporter-output>
          </reporter-output>
        </test-method> <!-- setUp -->
        <test-method signature="goToAboutPage()[pri:0, instance:tests.InventoryTest@1f3f4916]" started-at="2024-04-16T23:44:11 ART" name="goToAboutPage" description="Go to about page" finished-at="2024-04-16T23:44:16 ART" duration-ms="4500" status="PASS">
          <reporter-output>
          </reporter-output>
        </test-method> <!-- goToAboutPage -->
        <test-method is-config="true" signature="tearDown(org.testng.ITestResult)[pri:0, instance:tests.InventoryTest@1f3f4916]" started-at="2024-04-16T23:44:16 ART" name="tearDown" finished-at="2024-04-16T23:44:16 ART" duration-ms="93" status="PASS">
          <params>
            <param index="0">
              <value>
                <![CDATA[[TestResult name=goToAboutPage status=SUCCESS method=InventoryTest.goToAboutPage()[pri:0, instance:tests.InventoryTest@1f3f4916] output={null}]]]>
              </value>
            </param>
          </params>
          <reporter-output>
          </reporter-output>
        </test-method> <!-- tearDown -->
        <test-method is-config="true" signature="setUp()[pri:0, instance:tests.InventoryTest@1f3f4916]" started-at="2024-04-16T23:44:16 ART" name="setUp" finished-at="2024-04-16T23:44:17 ART" duration-ms="1052" status="PASS">
          <reporter-output>
          </reporter-output>
        </test-method> <!-- setUp -->
        <test-method signature="goToCart()[pri:0, instance:tests.InventoryTest@1f3f4916]" started-at="2024-04-16T23:44:17 ART" name="goToCart" description="Go to cart" finished-at="2024-04-16T23:44:19 ART" duration-ms="1844" status="PASS">
          <reporter-output>
          </reporter-output>
        </test-method> <!-- goToCart -->
        <test-method is-config="true" signature="tearDown(org.testng.ITestResult)[pri:0, instance:tests.InventoryTest@1f3f4916]" started-at="2024-04-16T23:44:19 ART" name="tearDown" finished-at="2024-04-16T23:44:19 ART" duration-ms="88" status="PASS">
          <params>
            <param index="0">
              <value>
                <![CDATA[[TestResult name=goToCart status=SUCCESS method=InventoryTest.goToCart()[pri:0, instance:tests.InventoryTest@1f3f4916] output={null}]]]>
              </value>
            </param>
          </params>
          <reporter-output>
          </reporter-output>
        </test-method> <!-- tearDown -->
        <test-method is-config="true" signature="setUp()[pri:0, instance:tests.InventoryTest@1f3f4916]" started-at="2024-04-16T23:44:19 ART" name="setUp" finished-at="2024-04-16T23:44:20 ART" duration-ms="1043" status="PASS">
          <reporter-output>
          </reporter-output>
        </test-method> <!-- setUp -->
        <test-method signature="goToCartWithAddedItem()[pri:0, instance:tests.InventoryTest@1f3f4916]" started-at="2024-04-16T23:44:20 ART" name="goToCartWithAddedItem" description="Add item to cart and check if its the same item" finished-at="2024-04-16T23:44:22 ART" duration-ms="1857" status="PASS">
          <reporter-output>
          </reporter-output>
        </test-method> <!-- goToCartWithAddedItem -->
        <test-method is-config="true" signature="tearDown(org.testng.ITestResult)[pri:0, instance:tests.InventoryTest@1f3f4916]" started-at="2024-04-16T23:44:22 ART" name="tearDown" finished-at="2024-04-16T23:44:22 ART" duration-ms="88" status="PASS">
          <params>
            <param index="0">
              <value>
                <![CDATA[[TestResult name=goToCartWithAddedItem status=SUCCESS method=InventoryTest.goToCartWithAddedItem()[pri:0, instance:tests.InventoryTest@1f3f4916] output={null}]]]>
              </value>
            </param>
          </params>
          <reporter-output>
          </reporter-output>
        </test-method> <!-- tearDown -->
        <test-method is-config="true" signature="setUp()[pri:0, instance:tests.InventoryTest@1f3f4916]" started-at="2024-04-16T23:44:22 ART" name="setUp" finished-at="2024-04-16T23:44:23 ART" duration-ms="1049" status="PASS">
          <reporter-output>
          </reporter-output>
        </test-method> <!-- setUp -->
        <test-method signature="goToInventory()[pri:0, instance:tests.InventoryTest@1f3f4916]" started-at="2024-04-16T23:44:23 ART" name="goToInventory" description="Go back to Inventory page" finished-at="2024-04-16T23:44:25 ART" duration-ms="2419" status="PASS">
          <reporter-output>
          </reporter-output>
        </test-method> <!-- goToInventory -->
        <test-method is-config="true" signature="tearDown(org.testng.ITestResult)[pri:0, instance:tests.InventoryTest@1f3f4916]" started-at="2024-04-16T23:44:25 ART" name="tearDown" finished-at="2024-04-16T23:44:25 ART" duration-ms="98" status="PASS">
          <params>
            <param index="0">
              <value>
                <![CDATA[[TestResult name=goToInventory status=SUCCESS method=InventoryTest.goToInventory()[pri:0, instance:tests.InventoryTest@1f3f4916] output={null}]]]>
              </value>
            </param>
          </params>
          <reporter-output>
          </reporter-output>
        </test-method> <!-- tearDown -->
        <test-method is-config="true" signature="setUp()[pri:0, instance:tests.InventoryTest@1f3f4916]" started-at="2024-04-16T23:44:25 ART" name="setUp" finished-at="2024-04-16T23:44:26 ART" duration-ms="993" status="PASS">
          <reporter-output>
          </reporter-output>
        </test-method> <!-- setUp -->
        <test-method signature="goToItemPageFromImage()[pri:0, instance:tests.InventoryTest@1f3f4916]" started-at="2024-04-16T23:44:26 ART" name="goToItemPageFromImage" description="Go to item page from image" finished-at="2024-04-16T23:44:28 ART" duration-ms="1847" status="PASS">
          <reporter-output>
          </reporter-output>
        </test-method> <!-- goToItemPageFromImage -->
        <test-method is-config="true" signature="tearDown(org.testng.ITestResult)[pri:0, instance:tests.InventoryTest@1f3f4916]" started-at="2024-04-16T23:44:28 ART" name="tearDown" finished-at="2024-04-16T23:44:28 ART" duration-ms="84" status="PASS">
          <params>
            <param index="0">
              <value>
                <![CDATA[[TestResult name=goToItemPageFromImage status=SUCCESS method=InventoryTest.goToItemPageFromImage()[pri:0, instance:tests.InventoryTest@1f3f4916] output={null}]]]>
              </value>
            </param>
          </params>
          <reporter-output>
          </reporter-output>
        </test-method> <!-- tearDown -->
        <test-method is-config="true" signature="setUp()[pri:0, instance:tests.InventoryTest@1f3f4916]" started-at="2024-04-16T23:44:28 ART" name="setUp" finished-at="2024-04-16T23:44:29 ART" duration-ms="1019" status="PASS">
          <reporter-output>
          </reporter-output>
        </test-method> <!-- setUp -->
        <test-method signature="goToItemPageFromLabel()[pri:0, instance:tests.InventoryTest@1f3f4916]" started-at="2024-04-16T23:44:29 ART" name="goToItemPageFromLabel" description="Go to item page from label" finished-at="2024-04-16T23:44:31 ART" duration-ms="1837" status="PASS">
          <reporter-output>
          </reporter-output>
        </test-method> <!-- goToItemPageFromLabel -->
        <test-method is-config="true" signature="tearDown(org.testng.ITestResult)[pri:0, instance:tests.InventoryTest@1f3f4916]" started-at="2024-04-16T23:44:31 ART" name="tearDown" finished-at="2024-04-16T23:44:31 ART" duration-ms="86" status="PASS">
          <params>
            <param index="0">
              <value>
                <![CDATA[[TestResult name=goToItemPageFromLabel status=SUCCESS method=InventoryTest.goToItemPageFromLabel()[pri:0, instance:tests.InventoryTest@1f3f4916] output={null}]]]>
              </value>
            </param>
          </params>
          <reporter-output>
          </reporter-output>
        </test-method> <!-- tearDown -->
        <test-method is-config="true" signature="setUp()[pri:0, instance:tests.InventoryTest@1f3f4916]" started-at="2024-04-16T23:44:31 ART" name="setUp" finished-at="2024-04-16T23:44:32 ART" duration-ms="1070" status="PASS">
          <reporter-output>
          </reporter-output>
        </test-method> <!-- setUp -->
        <test-method signature="logout()[pri:0, instance:tests.InventoryTest@1f3f4916]" started-at="2024-04-16T23:44:32 ART" name="logout" description="Try to logout" finished-at="2024-04-16T23:44:33 ART" duration-ms="1172" status="PASS">
          <reporter-output>
          </reporter-output>
        </test-method> <!-- logout -->
        <test-method is-config="true" signature="tearDown(org.testng.ITestResult)[pri:0, instance:tests.InventoryTest@1f3f4916]" started-at="2024-04-16T23:44:33 ART" name="tearDown" finished-at="2024-04-16T23:44:34 ART" duration-ms="90" status="PASS">
          <params>
            <param index="0">
              <value>
                <![CDATA[[TestResult name=logout status=SUCCESS method=InventoryTest.logout()[pri:0, instance:tests.InventoryTest@1f3f4916] output={null}]]]>
              </value>
            </param>
          </params>
          <reporter-output>
          </reporter-output>
        </test-method> <!-- tearDown -->
      </class> <!-- tests.InventoryTest -->
      <class name="tests.CheckoutOneTest">
        <test-method is-config="true" signature="setUp()[pri:0, instance:tests.CheckoutOneTest@5ccddd20]" started-at="2024-04-16T23:43:48 ART" name="setUp" finished-at="2024-04-16T23:43:49 ART" duration-ms="1033" status="PASS">
          <reporter-output>
          </reporter-output>
        </test-method> <!-- setUp -->
        <test-method signature="backToCart()[pri:0, instance:tests.CheckoutOneTest@5ccddd20]" started-at="2024-04-16T23:43:49 ART" name="backToCart" description="Go back to cart with cancel button" finished-at="2024-04-16T23:43:51 ART" duration-ms="2497" status="PASS">
          <reporter-output>
          </reporter-output>
        </test-method> <!-- backToCart -->
        <test-method is-config="true" signature="tearDown(org.testng.ITestResult)[pri:0, instance:tests.CheckoutOneTest@5ccddd20]" started-at="2024-04-16T23:43:51 ART" name="tearDown" finished-at="2024-04-16T23:43:52 ART" duration-ms="100" status="PASS">
          <params>
            <param index="0">
              <value>
                <![CDATA[[TestResult name=backToCart status=SUCCESS method=CheckoutOneTest.backToCart()[pri:0, instance:tests.CheckoutOneTest@5ccddd20] output={null}]]]>
              </value>
            </param>
          </params>
          <reporter-output>
          </reporter-output>
        </test-method> <!-- tearDown -->
        <test-method is-config="true" signature="setUp()[pri:0, instance:tests.CheckoutOneTest@5ccddd20]" started-at="2024-04-16T23:43:52 ART" name="setUp" finished-at="2024-04-16T23:43:53 ART" duration-ms="1021" status="PASS">
          <reporter-output>
          </reporter-output>
        </test-method> <!-- setUp -->
        <test-method signature="continueToCheckout2()[pri:0, instance:tests.CheckoutOneTest@5ccddd20]" started-at="2024-04-16T23:43:53 ART" name="continueToCheckout2" description="Continue to checkout 2" finished-at="2024-04-16T23:43:54 ART" duration-ms="1611" status="PASS">
          <reporter-output>
          </reporter-output>
        </test-method> <!-- continueToCheckout2 -->
        <test-method is-config="true" signature="tearDown(org.testng.ITestResult)[pri:0, instance:tests.CheckoutOneTest@5ccddd20]" started-at="2024-04-16T23:43:54 ART" name="tearDown" finished-at="2024-04-16T23:43:54 ART" duration-ms="75" status="PASS">
          <params>
            <param index="0">
              <value>
                <![CDATA[[TestResult name=continueToCheckout2 status=SUCCESS method=CheckoutOneTest.continueToCheckout2()[pri:0, instance:tests.CheckoutOneTest@5ccddd20] output={null}]]]>
              </value>
            </param>
          </params>
          <reporter-output>
          </reporter-output>
        </test-method> <!-- tearDown -->
        <test-method is-config="true" signature="setUp()[pri:0, instance:tests.CheckoutOneTest@5ccddd20]" started-at="2024-04-16T23:43:54 ART" name="setUp" finished-at="2024-04-16T23:43:55 ART" duration-ms="1041" status="PASS">
          <reporter-output>
          </reporter-output>
        </test-method> <!-- setUp -->
        <test-method signature="continueToCheckout2WithNoData()[pri:0, instance:tests.CheckoutOneTest@5ccddd20]" started-at="2024-04-16T23:43:55 ART" name="continueToCheckout2WithNoData" description="Continue to checkout 2 without inserting info" finished-at="2024-04-16T23:43:57 ART" duration-ms="1517" status="PASS">
          <reporter-output>
          </reporter-output>
        </test-method> <!-- continueToCheckout2WithNoData -->
        <test-method is-config="true" signature="tearDown(org.testng.ITestResult)[pri:0, instance:tests.CheckoutOneTest@5ccddd20]" started-at="2024-04-16T23:43:57 ART" name="tearDown" finished-at="2024-04-16T23:43:57 ART" duration-ms="79" status="PASS">
          <params>
            <param index="0">
              <value>
                <![CDATA[[TestResult name=continueToCheckout2WithNoData status=SUCCESS method=CheckoutOneTest.continueToCheckout2WithNoData()[pri:0, instance:tests.CheckoutOneTest@5ccddd20] output={null}]]]>
              </value>
            </param>
          </params>
          <reporter-output>
          </reporter-output>
        </test-method> <!-- tearDown -->
      </class> <!-- tests.CheckoutOneTest -->
      <class name="tests.CartTest">
        <test-method is-config="true" signature="setUp()[pri:0, instance:tests.CartTest@11a9e7c8]" started-at="2024-04-16T23:43:34 ART" name="setUp" finished-at="2024-04-16T23:43:36 ART" duration-ms="1299" status="PASS">
          <reporter-output>
          </reporter-output>
        </test-method> <!-- setUp -->
        <test-method signature="goToCheckoutOne()[pri:0, instance:tests.CartTest@11a9e7c8]" started-at="2024-04-16T23:43:36 ART" name="goToCheckoutOne" description="Go to checkout step one" finished-at="2024-04-16T23:43:37 ART" duration-ms="1529" status="PASS">
          <reporter-output>
          </reporter-output>
        </test-method> <!-- goToCheckoutOne -->
        <test-method is-config="true" signature="tearDown(org.testng.ITestResult)[pri:0, instance:tests.CartTest@11a9e7c8]" started-at="2024-04-16T23:43:37 ART" name="tearDown" finished-at="2024-04-16T23:43:37 ART" duration-ms="88" status="PASS">
          <params>
            <param index="0">
              <value>
                <![CDATA[[TestResult name=goToCheckoutOne status=SUCCESS method=CartTest.goToCheckoutOne()[pri:0, instance:tests.CartTest@11a9e7c8] output={null}]]]>
              </value>
            </param>
          </params>
          <reporter-output>
          </reporter-output>
        </test-method> <!-- tearDown -->
        <test-method is-config="true" signature="setUp()[pri:0, instance:tests.CartTest@11a9e7c8]" started-at="2024-04-16T23:43:37 ART" name="setUp" finished-at="2024-04-16T23:43:38 ART" duration-ms="1001" status="PASS">
          <reporter-output>
          </reporter-output>
        </test-method> <!-- setUp -->
        <test-method signature="goToInventoryA()[pri:0, instance:tests.CartTest@11a9e7c8]" started-at="2024-04-16T23:43:38 ART" name="goToInventoryA" description="Go back to inventory page using All items button in menu" finished-at="2024-04-16T23:43:41 ART" duration-ms="2448" status="PASS">
          <reporter-output>
          </reporter-output>
        </test-method> <!-- goToInventoryA -->
        <test-method is-config="true" signature="tearDown(org.testng.ITestResult)[pri:0, instance:tests.CartTest@11a9e7c8]" started-at="2024-04-16T23:43:41 ART" name="tearDown" finished-at="2024-04-16T23:43:41 ART" duration-ms="82" status="PASS">
          <params>
            <param index="0">
              <value>
                <![CDATA[[TestResult name=goToInventoryA status=SUCCESS method=CartTest.goToInventoryA()[pri:0, instance:tests.CartTest@11a9e7c8] output={null}]]]>
              </value>
            </param>
          </params>
          <reporter-output>
          </reporter-output>
        </test-method> <!-- tearDown -->
        <test-method is-config="true" signature="setUp()[pri:0, instance:tests.CartTest@11a9e7c8]" started-at="2024-04-16T23:43:41 ART" name="setUp" finished-at="2024-04-16T23:43:42 ART" duration-ms="1012" status="PASS">
          <reporter-output>
          </reporter-output>
        </test-method> <!-- setUp -->
        <test-method signature="goToInventoryB()[pri:0, instance:tests.CartTest@11a9e7c8]" started-at="2024-04-16T23:43:42 ART" name="goToInventoryB" description="Go back to inventory page using Continue Shopping button" finished-at="2024-04-16T23:43:44 ART" duration-ms="2447" status="PASS">
          <reporter-output>
          </reporter-output>
        </test-method> <!-- goToInventoryB -->
        <test-method is-config="true" signature="tearDown(org.testng.ITestResult)[pri:0, instance:tests.CartTest@11a9e7c8]" started-at="2024-04-16T23:43:44 ART" name="tearDown" finished-at="2024-04-16T23:43:44 ART" duration-ms="74" status="PASS">
          <params>
            <param index="0">
              <value>
                <![CDATA[[TestResult name=goToInventoryB status=SUCCESS method=CartTest.goToInventoryB()[pri:0, instance:tests.CartTest@11a9e7c8] output={null}]]]>
              </value>
            </param>
          </params>
          <reporter-output>
          </reporter-output>
        </test-method> <!-- tearDown -->
      </class> <!-- tests.CartTest -->
      <class name="tests.CheckoutCompleteTest">
        <test-method is-config="true" signature="setUp()[pri:0, instance:tests.CheckoutCompleteTest@96def03]" started-at="2024-04-16T23:43:44 ART" name="setUp" finished-at="2024-04-16T23:43:45 ART" duration-ms="1037" status="PASS">
          <reporter-output>
          </reporter-output>
        </test-method> <!-- setUp -->
        <test-method signature="backHome()[pri:0, instance:tests.CheckoutCompleteTest@96def03]" started-at="2024-04-16T23:43:45 ART" name="backHome" description="Go back to home page" finished-at="2024-04-16T23:43:48 ART" duration-ms="2330" status="PASS">
          <reporter-output>
          </reporter-output>
        </test-method> <!-- backHome -->
        <test-method is-config="true" signature="tearDown(org.testng.ITestResult)[pri:0, instance:tests.CheckoutCompleteTest@96def03]" started-at="2024-04-16T23:43:48 ART" name="tearDown" finished-at="2024-04-16T23:43:48 ART" duration-ms="93" status="PASS">
          <params>
            <param index="0">
              <value>
                <![CDATA[[TestResult name=backHome status=SUCCESS method=CheckoutCompleteTest.backHome()[pri:0, instance:tests.CheckoutCompleteTest@96def03] output={null}]]]>
              </value>
            </param>
          </params>
          <reporter-output>
          </reporter-output>
        </test-method> <!-- tearDown -->
      </class> <!-- tests.CheckoutCompleteTest -->
    </test> <!-- Surefire test -->
  </suite> <!-- Surefire suite -->
</testng-results>
