<?xml version="1.0" encoding="UTF-8"?>
<testsuite xmlns:xsi="http://www.w3.org/2001/XMLSchema-instance" xsi:noNamespaceSchemaLocation="https://maven.apache.org/surefire/maven-surefire-plugin/xsd/surefire-test-report-3.0.xsd" version="3.0" name="TestSuite" time="106.069" tests="22" errors="0" skipped="0" failures="0">
  <properties>
[...]
</properties>
  <testcase name="goToCheckoutOne" classname="tests.CartTest" time="1.782">
    <system-out><![CDATA[2024-04-21 20:59:29.839 [main] DEBUG components.LoginComponent - Enter Username: standard_user
2024-04-21 20:59:29.885 [main] DEBUG components.LoginComponent - Enter Password: secret_sauce
2024-04-21 20:59:29.920 [main] DEBUG components.LoginComponent - Click Login button
2024-04-21 20:59:29.980 [main] DEBUG components.HeaderComponent - Initialize Menu Component
2024-04-21 20:59:30.010 [main] DEBUG components.HeaderComponent - Create new MenuListComponent instance
2024-04-21 20:59:30.019 [main] DEBUG components.MenuListComponent - Click Close Menu button
2024-04-21 20:59:30.598 [main] DEBUG components.HeaderComponent - Click Cart button
2024-04-21 20:59:30.638 [main] DEBUG components.HeaderComponent - Initialize Menu Component
2024-04-21 20:59:30.663 [main] DEBUG components.HeaderComponent - Create new MenuListComponent instance
2024-04-21 20:59:30.669 [main] DEBUG components.MenuListComponent - Click Close Menu button
2024-04-21 20:59:31.225 [main] DEBUG components.cart.CartItemListComponent - Initialize CartItems list
2024-04-21 20:59:31.232 [main] DEBUG components.cart.CartFooter - Click Checkout button
]]></system-out>
    <system-err><![CDATA[SLF4J: Failed to load class "org.slf4j.impl.StaticLoggerBinder".
SLF4J: Defaulting to no-operation (NOP) logger implementation
SLF4J: See http://www.slf4j.org/codes.html#StaticLoggerBinder for further details.
abr 21, 2024 8:59:28 P. M. org.openqa.selenium.devtools.CdpVersionFinder findNearestMatch
WARNING: Unable to find an exact match for CDP version 123, returning the closest version; found: 122; Please update to a Selenium version that supports CDP version 123
]]></system-err>
  </testcase>
  <testcase name="goToInventoryA" classname="tests.CartTest" time="3.068">
    <system-out><![CDATA[El test Go to checkout step one resultó: 1
2024-04-21 20:59:32.666 [main] DEBUG components.LoginComponent - Enter Username: standard_user
2024-04-21 20:59:32.758 [main] DEBUG components.LoginComponent - Enter Password: secret_sauce
2024-04-21 20:59:32.820 [main] DEBUG components.LoginComponent - Click Login button
2024-04-21 20:59:32.895 [main] DEBUG components.HeaderComponent - Initialize Menu Component
2024-04-21 20:59:32.933 [main] DEBUG components.HeaderComponent - Create new MenuListComponent instance
2024-04-21 20:59:32.941 [main] DEBUG components.MenuListComponent - Click Close Menu button
2024-04-21 20:59:33.532 [main] DEBUG components.HeaderComponent - Click Cart button
2024-04-21 20:59:33.587 [main] DEBUG components.HeaderComponent - Initialize Menu Component
2024-04-21 20:59:33.615 [main] DEBUG components.HeaderComponent - Create new MenuListComponent instance
2024-04-21 20:59:33.623 [main] DEBUG components.MenuListComponent - Click Close Menu button
2024-04-21 20:59:34.200 [main] DEBUG components.cart.CartItemListComponent - Initialize CartItems list
2024-04-21 20:59:34.544 [main] DEBUG components.MenuListComponent - Click All Items button
2024-04-21 20:59:35.108 [main] DEBUG components.HeaderComponent - Initialize Menu Component
2024-04-21 20:59:35.129 [main] DEBUG components.HeaderComponent - Create new MenuListComponent instance
2024-04-21 20:59:35.135 [main] DEBUG components.MenuListComponent - Click Close Menu button
]]></system-out>
    <system-err><![CDATA[abr 21, 2024 8:59:32 P. M. org.openqa.selenium.devtools.CdpVersionFinder findNearestMatch
WARNING: Unable to find an exact match for CDP version 123, returning the closest version; found: 122; Please update to a Selenium version that supports CDP version 123
]]></system-err>
  </testcase>
  <testcase name="goToInventoryB" classname="tests.CartTest" time="2.525">
    <system-out><![CDATA[El test Go back to inventory page using All items button in menu resultó: 1
2024-04-21 20:59:36.953 [main] DEBUG components.LoginComponent - Enter Username: standard_user
2024-04-21 20:59:37.019 [main] DEBUG components.LoginComponent - Enter Password: secret_sauce
2024-04-21 20:59:37.079 [main] DEBUG components.LoginComponent - Click Login button
2024-04-21 20:59:37.166 [main] DEBUG components.HeaderComponent - Initialize Menu Component
2024-04-21 20:59:37.198 [main] DEBUG components.HeaderComponent - Create new MenuListComponent instance
2024-04-21 20:59:37.208 [main] DEBUG components.MenuListComponent - Click Close Menu button
2024-04-21 20:59:37.782 [main] DEBUG components.HeaderComponent - Click Cart button
2024-04-21 20:59:37.832 [main] DEBUG components.HeaderComponent - Initialize Menu Component
2024-04-21 20:59:37.864 [main] DEBUG components.HeaderComponent - Create new MenuListComponent instance
2024-04-21 20:59:37.870 [main] DEBUG components.MenuListComponent - Click Close Menu button
2024-04-21 20:59:38.439 [main] DEBUG components.cart.CartItemListComponent - Initialize CartItems list
2024-04-21 20:59:38.445 [main] DEBUG components.cart.CartFooter - Click Continue Shopping button
2024-04-21 20:59:38.484 [main] DEBUG components.HeaderComponent - Initialize Menu Component
2024-04-21 20:59:38.509 [main] DEBUG components.HeaderComponent - Create new MenuListComponent instance
2024-04-21 20:59:38.514 [main] DEBUG components.MenuListComponent - Click Close Menu button
2024-04-21 20:59:39.075 [main] DEBUG components.HeaderComponent - Initialize Menu Component
2024-04-21 20:59:39.420 [main] DEBUG components.HeaderComponent - Create new MenuListComponent instance
2024-04-21 20:59:39.426 [main] DEBUG components.MenuListComponent - Click Close Menu button
]]></system-out>
    <system-err><![CDATA[abr 21, 2024 8:59:36 P. M. org.openqa.selenium.devtools.CdpVersionFinder findNearestMatch
WARNING: Unable to find an exact match for CDP version 123, returning the closest version; found: 122; Please update to a Selenium version that supports CDP version 123
]]></system-err>
  </testcase>
  <testcase name="backHome" classname="tests.CheckoutCompleteTest" time="2.445">
    <system-out><![CDATA[El test Go back to inventory page using Continue Shopping button resultó: 1
2024-04-21 20:59:40.668 [main] DEBUG components.LoginComponent - Enter Username: standard_user
2024-04-21 20:59:40.763 [main] DEBUG components.LoginComponent - Enter Password: secret_sauce
2024-04-21 20:59:40.834 [main] DEBUG components.LoginComponent - Click Login button
2024-04-21 20:59:40.907 [main] DEBUG components.HeaderComponent - Initialize Menu Component
2024-04-21 20:59:40.941 [main] DEBUG components.HeaderComponent - Create new MenuListComponent instance
2024-04-21 20:59:40.955 [main] DEBUG components.MenuListComponent - Click Close Menu button
2024-04-21 20:59:41.523 [main] DEBUG components.inventory.InventoryListComponent - Initialize Inventory List
2024-04-21 20:59:41.544 [main] DEBUG components.inventory.InventoryItem - Get Item name: Sauce Labs Backpack
2024-04-21 20:59:41.544 [main] DEBUG components.inventory.InventoryListComponent - Adding Item: Sauce Labs Backpack
2024-04-21 20:59:41.553 [main] DEBUG components.inventory.InventoryItem - Get Item name: Sauce Labs Bike Light
2024-04-21 20:59:41.553 [main] DEBUG components.inventory.InventoryListComponent - Adding Item: Sauce Labs Bike Light
2024-04-21 20:59:41.562 [main] DEBUG components.inventory.InventoryItem - Get Item name: Sauce Labs Bolt T-Shirt
2024-04-21 20:59:41.562 [main] DEBUG components.inventory.InventoryListComponent - Adding Item: Sauce Labs Bolt T-Shirt
2024-04-21 20:59:41.571 [main] DEBUG components.inventory.InventoryItem - Get Item name: Sauce Labs Fleece Jacket
2024-04-21 20:59:41.571 [main] DEBUG components.inventory.InventoryListComponent - Adding Item: Sauce Labs Fleece Jacket
2024-04-21 20:59:41.582 [main] DEBUG components.inventory.InventoryItem - Get Item name: Sauce Labs Onesie
2024-04-21 20:59:41.582 [main] DEBUG components.inventory.InventoryListComponent - Adding Item: Sauce Labs Onesie
2024-04-21 20:59:41.593 [main] DEBUG components.inventory.InventoryItem - Get Item name: Test.allTheThings() T-Shirt (Red)
2024-04-21 20:59:41.593 [main] DEBUG components.inventory.InventoryListComponent - Adding Item: Test.allTheThings() T-Shirt (Red)
2024-04-21 20:59:41.604 [main] DEBUG components.inventory.InventoryItem - Get Item name: Sauce Labs Backpack
2024-04-21 20:59:41.604 [main] DEBUG components.inventory.InventoryListComponent - Get Item 'Sauce Labs Backpack' with ID '0'
2024-04-21 20:59:41.604 [main] DEBUG components.inventory.InventoryItem - Click Add/Remove button
2024-04-21 20:59:41.630 [main] DEBUG components.HeaderComponent - Click Cart button
2024-04-21 20:59:41.665 [main] DEBUG components.HeaderComponent - Initialize Menu Component
2024-04-21 20:59:41.689 [main] DEBUG components.HeaderComponent - Create new MenuListComponent instance
2024-04-21 20:59:41.696 [main] DEBUG components.MenuListComponent - Click Close Menu button
2024-04-21 20:59:42.255 [main] DEBUG components.cart.CartItemListComponent - Initialize CartItems list
2024-04-21 20:59:42.272 [main] DEBUG components.cart.CartItem - Get Item name: Sauce Labs Backpack
2024-04-21 20:59:42.272 [main] DEBUG components.cart.CartItemListComponent - Adding CartItem: Sauce Labs Backpack
2024-04-21 20:59:42.273 [main] DEBUG components.cart.CartFooter - Click Checkout button
2024-04-21 20:59:42.305 [main] DEBUG components.checkoutOne.BuyerDataComponent - Enter First Name: test
2024-04-21 20:59:42.339 [main] DEBUG components.checkoutOne.BuyerDataComponent - Enter Last Name: test
2024-04-21 20:59:42.377 [main] DEBUG components.checkoutOne.BuyerDataComponent - Enter Postal Code: 1234
2024-04-21 20:59:42.519 [main] DEBUG components.HeaderComponent - Initialize Menu Component
2024-04-21 20:59:42.540 [main] DEBUG components.HeaderComponent - Create new MenuListComponent instance
2024-04-21 20:59:42.545 [main] DEBUG components.MenuListComponent - Click Close Menu button
]]></system-out>
    <system-err><![CDATA[abr 21, 2024 8:59:40 P. M. org.openqa.selenium.devtools.CdpVersionFinder findNearestMatch
WARNING: Unable to find an exact match for CDP version 123, returning the closest version; found: 122; Please update to a Selenium version that supports CDP version 123
]]></system-err>
  </testcase>
  <testcase name="backToCart" classname="tests.CheckoutOneTest" time="2.616">
    <system-out><![CDATA[El test Go back to home page resultó: 1
2024-04-21 20:59:44.244 [main] DEBUG components.LoginComponent - Enter Username: standard_user
2024-04-21 20:59:44.308 [main] DEBUG components.LoginComponent - Enter Password: secret_sauce
2024-04-21 20:59:44.365 [main] DEBUG components.LoginComponent - Click Login button
2024-04-21 20:59:44.432 [main] DEBUG components.HeaderComponent - Initialize Menu Component
2024-04-21 20:59:44.483 [main] DEBUG components.HeaderComponent - Create new MenuListComponent instance
2024-04-21 20:59:44.495 [main] DEBUG components.MenuListComponent - Click Close Menu button
2024-04-21 20:59:45.076 [main] DEBUG components.HeaderComponent - Click Cart button
2024-04-21 20:59:45.150 [main] DEBUG components.HeaderComponent - Initialize Menu Component
2024-04-21 20:59:45.180 [main] DEBUG components.HeaderComponent - Create new MenuListComponent instance
2024-04-21 20:59:45.190 [main] DEBUG components.MenuListComponent - Click Close Menu button
2024-04-21 20:59:45.744 [main] DEBUG components.cart.CartItemListComponent - Initialize CartItems list
2024-04-21 20:59:45.750 [main] DEBUG components.cart.CartFooter - Click Checkout button
2024-04-21 20:59:45.813 [main] DEBUG components.HeaderComponent - Initialize Menu Component
2024-04-21 20:59:45.842 [main] DEBUG components.HeaderComponent - Create new MenuListComponent instance
2024-04-21 20:59:45.852 [main] DEBUG components.MenuListComponent - Click Close Menu button
2024-04-21 20:59:46.434 [main] DEBUG components.cart.CartItemListComponent - Initialize CartItems list
2024-04-21 20:59:46.447 [main] DEBUG components.HeaderComponent - Initialize Menu Component
2024-04-21 20:59:46.788 [main] DEBUG components.HeaderComponent - Create new MenuListComponent instance
2024-04-21 20:59:46.793 [main] DEBUG components.MenuListComponent - Click Close Menu button
2024-04-21 20:59:46.841 [main] DEBUG components.cart.CartItemListComponent - Initialize CartItems list
]]></system-out>
    <system-err><![CDATA[abr 21, 2024 8:59:43 P. M. org.openqa.selenium.remote.http.WebSocket$Listener onError
WARNING: Connection reset
java.net.SocketException: Connection reset
	at java.base/sun.nio.ch.SocketChannelImpl.throwConnectionReset(SocketChannelImpl.java:401)
	at java.base/sun.nio.ch.SocketChannelImpl.read(SocketChannelImpl.java:434)
	at java.net.http/jdk.internal.net.http.SocketTube.readAvailable(SocketTube.java:1178)
	at java.net.http/jdk.internal.net.http.SocketTube$InternalReadPublisher$InternalReadSubscription.read(SocketTube.java:841)
	at java.net.http/jdk.internal.net.http.SocketTube$SocketFlowTask.run(SocketTube.java:181)
	at java.net.http/jdk.internal.net.http.common.SequentialScheduler$SchedulableTask.run(SequentialScheduler.java:207)
	at java.net.http/jdk.internal.net.http.common.SequentialScheduler.runOrSchedule(SequentialScheduler.java:280)
	at java.net.http/jdk.internal.net.http.common.SequentialScheduler.runOrSchedule(SequentialScheduler.java:233)
	at java.net.http/jdk.internal.net.http.SocketTube$InternalReadPublisher$InternalReadSubscription.signalReadable(SocketTube.java:782)
	at java.net.http/jdk.internal.net.http.SocketTube$InternalReadPublisher$ReadEvent.signalEvent(SocketTube.java:965)
	at java.net.http/jdk.internal.net.http.SocketTube$SocketFlowEvent.handle(SocketTube.java:253)
	at java.net.http/jdk.internal.net.http.HttpClientImpl$SelectorManager.handleEvent(HttpClientImpl.java:1467)
	at java.net.http/jdk.internal.net.http.HttpClientImpl$SelectorManager.lambda$run$3(HttpClientImpl.java:1412)
	at java.base/java.util.ArrayList.forEach(ArrayList.java:1596)
	at java.net.http/jdk.internal.net.http.HttpClientImpl$SelectorManager.run(HttpClientImpl.java:1412)

abr 21, 2024 8:59:43 P. M. org.openqa.selenium.devtools.CdpVersionFinder findNearestMatch
WARNING: Unable to find an exact match for CDP version 123, returning the closest version; found: 122; Please update to a Selenium version that supports CDP version 123
]]></system-err>
  </testcase>
  <testcase name="continueToCheckout2" classname="tests.CheckoutOneTest" time="1.655">
    <system-out><![CDATA[El test Go back to cart with cancel button resultó: 1
2024-04-21 20:59:48.023 [main] DEBUG components.LoginComponent - Enter Username: standard_user
2024-04-21 20:59:48.108 [main] DEBUG components.LoginComponent - Enter Password: secret_sauce
2024-04-21 20:59:48.180 [main] DEBUG components.LoginComponent - Click Login button
2024-04-21 20:59:48.250 [main] DEBUG components.HeaderComponent - Initialize Menu Component
2024-04-21 20:59:48.288 [main] DEBUG components.HeaderComponent - Create new MenuListComponent instance
2024-04-21 20:59:48.296 [main] DEBUG components.MenuListComponent - Click Close Menu button
2024-04-21 20:59:48.852 [main] DEBUG components.HeaderComponent - Click Cart button
2024-04-21 20:59:48.885 [main] DEBUG components.HeaderComponent - Initialize Menu Component
2024-04-21 20:59:48.906 [main] DEBUG components.HeaderComponent - Create new MenuListComponent instance
2024-04-21 20:59:48.913 [main] DEBUG components.MenuListComponent - Click Close Menu button
2024-04-21 20:59:49.468 [main] DEBUG components.cart.CartItemListComponent - Initialize CartItems list
2024-04-21 20:59:49.475 [main] DEBUG components.cart.CartFooter - Click Checkout button
2024-04-21 20:59:49.509 [main] DEBUG components.checkoutOne.BuyerDataComponent - Enter First Name: test
2024-04-21 20:59:49.551 [main] DEBUG components.checkoutOne.BuyerDataComponent - Enter Last Name: test
2024-04-21 20:59:49.588 [main] DEBUG components.checkoutOne.BuyerDataComponent - Enter Postal Code: 1234
]]></system-out>
    <system-err><![CDATA[abr 21, 2024 8:59:47 P. M. org.openqa.selenium.devtools.CdpVersionFinder findNearestMatch
WARNING: Unable to find an exact match for CDP version 123, returning the closest version; found: 122; Please update to a Selenium version that supports CDP version 123
]]></system-err>
  </testcase>
  <testcase name="continueToCheckout2WithNoData" classname="tests.CheckoutOneTest" time="1.517">
    <system-out><![CDATA[El test Continue to checkout 2 resultó: 1
2024-04-21 20:59:50.821 [main] DEBUG components.LoginComponent - Enter Username: standard_user
2024-04-21 20:59:50.883 [main] DEBUG components.LoginComponent - Enter Password: secret_sauce
2024-04-21 20:59:50.935 [main] DEBUG components.LoginComponent - Click Login button
2024-04-21 20:59:51.002 [main] DEBUG components.HeaderComponent - Initialize Menu Component
2024-04-21 20:59:51.038 [main] DEBUG components.HeaderComponent - Create new MenuListComponent instance
2024-04-21 20:59:51.045 [main] DEBUG components.MenuListComponent - Click Close Menu button
2024-04-21 20:59:51.610 [main] DEBUG components.HeaderComponent - Click Cart button
2024-04-21 20:59:51.650 [main] DEBUG components.HeaderComponent - Initialize Menu Component
2024-04-21 20:59:51.670 [main] DEBUG components.HeaderComponent - Create new MenuListComponent instance
2024-04-21 20:59:51.675 [main] DEBUG components.MenuListComponent - Click Close Menu button
2024-04-21 20:59:52.237 [main] DEBUG components.cart.CartItemListComponent - Initialize CartItems list
2024-04-21 20:59:52.243 [main] DEBUG components.cart.CartFooter - Click Checkout button
2024-04-21 20:59:52.328 [main] DEBUG components.checkoutOne.BuyerDataComponent - Is error field displayed: true
]]></system-out>
    <system-err><![CDATA[abr 21, 2024 8:59:50 P. M. org.openqa.selenium.devtools.CdpVersionFinder findNearestMatch
WARNING: Unable to find an exact match for CDP version 123, returning the closest version; found: 122; Please update to a Selenium version that supports CDP version 123
]]></system-err>
  </testcase>
  <testcase name="cancelCheckout" classname="tests.CheckoutTwoTest" time="2.596">
    <system-out><![CDATA[El test Continue to checkout 2 without inserting info resultó: 1
2024-04-21 20:59:53.421 [main] DEBUG components.LoginComponent - Enter Username: standard_user
2024-04-21 20:59:53.486 [main] DEBUG components.LoginComponent - Enter Password: secret_sauce
2024-04-21 20:59:53.542 [main] DEBUG components.LoginComponent - Click Login button
2024-04-21 20:59:53.619 [main] DEBUG components.HeaderComponent - Initialize Menu Component
2024-04-21 20:59:53.660 [main] DEBUG components.HeaderComponent - Create new MenuListComponent instance
2024-04-21 20:59:53.669 [main] DEBUG components.MenuListComponent - Click Close Menu button
2024-04-21 20:59:54.237 [main] DEBUG components.HeaderComponent - Click Cart button
2024-04-21 20:59:54.269 [main] DEBUG components.HeaderComponent - Initialize Menu Component
2024-04-21 20:59:54.290 [main] DEBUG components.HeaderComponent - Create new MenuListComponent instance
2024-04-21 20:59:54.294 [main] DEBUG components.MenuListComponent - Click Close Menu button
2024-04-21 20:59:54.848 [main] DEBUG components.cart.CartItemListComponent - Initialize CartItems list
2024-04-21 20:59:54.854 [main] DEBUG components.cart.CartFooter - Click Checkout button
2024-04-21 20:59:54.884 [main] DEBUG components.checkoutOne.BuyerDataComponent - Enter First Name: test
2024-04-21 20:59:54.919 [main] DEBUG components.checkoutOne.BuyerDataComponent - Enter Last Name: test
2024-04-21 20:59:54.954 [main] DEBUG components.checkoutOne.BuyerDataComponent - Enter Postal Code: 1234
2024-04-21 20:59:55.064 [main] DEBUG components.HeaderComponent - Initialize Menu Component
2024-04-21 20:59:55.087 [main] DEBUG components.HeaderComponent - Create new MenuListComponent instance
2024-04-21 20:59:55.092 [main] DEBUG components.MenuListComponent - Click Close Menu button
2024-04-21 20:59:55.636 [main] DEBUG components.HeaderComponent - Initialize Menu Component
2024-04-21 20:59:55.968 [main] DEBUG components.HeaderComponent - Create new MenuListComponent instance
2024-04-21 20:59:55.973 [main] DEBUG components.MenuListComponent - Click Close Menu button
]]></system-out>
    <system-err><![CDATA[abr 21, 2024 8:59:52 P. M. org.openqa.selenium.devtools.CdpVersionFinder findNearestMatch
WARNING: Unable to find an exact match for CDP version 123, returning the closest version; found: 122; Please update to a Selenium version that supports CDP version 123
]]></system-err>
  </testcase>
  <testcase name="finishCheckout" classname="tests.CheckoutTwoTest" time="1.744">
    <system-out><![CDATA[El test Cancel checkout resultó: 1
2024-04-21 20:59:57.198 [main] DEBUG components.LoginComponent - Enter Username: standard_user
2024-04-21 20:59:57.258 [main] DEBUG components.LoginComponent - Enter Password: secret_sauce
2024-04-21 20:59:57.312 [main] DEBUG components.LoginComponent - Click Login button
2024-04-21 20:59:57.380 [main] DEBUG components.HeaderComponent - Initialize Menu Component
2024-04-21 20:59:57.418 [main] DEBUG components.HeaderComponent - Create new MenuListComponent instance
2024-04-21 20:59:57.425 [main] DEBUG components.MenuListComponent - Click Close Menu button
2024-04-21 20:59:57.995 [main] DEBUG components.inventory.InventoryListComponent - Initialize Inventory List
2024-04-21 20:59:58.015 [main] DEBUG components.inventory.InventoryItem - Get Item name: Sauce Labs Backpack
2024-04-21 20:59:58.016 [main] DEBUG components.inventory.InventoryListComponent - Adding Item: Sauce Labs Backpack
2024-04-21 20:59:58.025 [main] DEBUG components.inventory.InventoryItem - Get Item name: Sauce Labs Bike Light
2024-04-21 20:59:58.025 [main] DEBUG components.inventory.InventoryListComponent - Adding Item: Sauce Labs Bike Light
2024-04-21 20:59:58.033 [main] DEBUG components.inventory.InventoryItem - Get Item name: Sauce Labs Bolt T-Shirt
2024-04-21 20:59:58.033 [main] DEBUG components.inventory.InventoryListComponent - Adding Item: Sauce Labs Bolt T-Shirt
2024-04-21 20:59:58.044 [main] DEBUG components.inventory.InventoryItem - Get Item name: Sauce Labs Fleece Jacket
2024-04-21 20:59:58.044 [main] DEBUG components.inventory.InventoryListComponent - Adding Item: Sauce Labs Fleece Jacket
2024-04-21 20:59:58.053 [main] DEBUG components.inventory.InventoryItem - Get Item name: Sauce Labs Onesie
2024-04-21 20:59:58.054 [main] DEBUG components.inventory.InventoryListComponent - Adding Item: Sauce Labs Onesie
2024-04-21 20:59:58.062 [main] DEBUG components.inventory.InventoryItem - Get Item name: Test.allTheThings() T-Shirt (Red)
2024-04-21 20:59:58.062 [main] DEBUG components.inventory.InventoryListComponent - Adding Item: Test.allTheThings() T-Shirt (Red)
2024-04-21 20:59:58.070 [main] DEBUG components.inventory.InventoryItem - Get Item name: Sauce Labs Backpack
2024-04-21 20:59:58.070 [main] DEBUG components.inventory.InventoryListComponent - Get Item 'Sauce Labs Backpack' with ID '0'
2024-04-21 20:59:58.070 [main] DEBUG components.inventory.InventoryItem - Click Add/Remove button
2024-04-21 20:59:58.094 [main] DEBUG components.HeaderComponent - Click Cart button
2024-04-21 20:59:58.135 [main] DEBUG components.HeaderComponent - Initialize Menu Component
2024-04-21 20:59:58.161 [main] DEBUG components.HeaderComponent - Create new MenuListComponent instance
2024-04-21 20:59:58.165 [main] DEBUG components.MenuListComponent - Click Close Menu button
2024-04-21 20:59:58.726 [main] DEBUG components.cart.CartItemListComponent - Initialize CartItems list
2024-04-21 20:59:58.739 [main] DEBUG components.cart.CartItem - Get Item name: Sauce Labs Backpack
2024-04-21 20:59:58.739 [main] DEBUG components.cart.CartItemListComponent - Adding CartItem: Sauce Labs Backpack
2024-04-21 20:59:58.739 [main] DEBUG components.cart.CartFooter - Click Checkout button
2024-04-21 20:59:58.770 [main] DEBUG components.checkoutOne.BuyerDataComponent - Enter First Name: test
2024-04-21 20:59:58.804 [main] DEBUG components.checkoutOne.BuyerDataComponent - Enter Last Name: test
2024-04-21 20:59:58.839 [main] DEBUG components.checkoutOne.BuyerDataComponent - Enter Postal Code: 1234
]]></system-out>
    <system-err><![CDATA[abr 21, 2024 8:59:56 P. M. org.openqa.selenium.devtools.CdpVersionFinder findNearestMatch
WARNING: Unable to find an exact match for CDP version 123, returning the closest version; found: 122; Please update to a Selenium version that supports CDP version 123
]]></system-err>
  </testcase>
  <testcase name="closeMenu" classname="tests.InventoryTest" time="2.31">
    <system-out><![CDATA[El test Finish checkout resultó: 1
2024-04-21 21:00:00.186 [main] DEBUG components.LoginComponent - Enter Username: standard_user
2024-04-21 21:00:00.246 [main] DEBUG components.LoginComponent - Enter Password: secret_sauce
2024-04-21 21:00:00.297 [main] DEBUG components.LoginComponent - Click Login button
2024-04-21 21:00:00.365 [main] DEBUG components.HeaderComponent - Initialize Menu Component
2024-04-21 21:00:00.400 [main] DEBUG components.HeaderComponent - Create new MenuListComponent instance
2024-04-21 21:00:00.409 [main] DEBUG components.MenuListComponent - Click Close Menu button
2024-04-21 21:00:01.302 [main] DEBUG components.MenuListComponent - Click Close Menu button
2024-04-21 21:00:01.335 [main] DEBUG components.HeaderComponent - Initialize Menu Component
2024-04-21 21:00:01.413 [main] DEBUG components.HeaderComponent - Create new MenuListComponent instance
2024-04-21 21:00:01.417 [main] DEBUG components.MenuListComponent - Click Close Menu button
2024-04-21 21:00:02.486 [main] DEBUG components.MenuListComponent - Is menu closed: true
2024-04-21 21:00:02.486 [main] DEBUG components.HeaderComponent - Is menu closed: true
]]></system-out>
    <system-err><![CDATA[abr 21, 2024 8:59:59 P. M. org.openqa.selenium.devtools.CdpVersionFinder findNearestMatch
WARNING: Unable to find an exact match for CDP version 123, returning the closest version; found: 122; Please update to a Selenium version that supports CDP version 123
]]></system-err>
  </testcase>
  <testcase name="filterChange" classname="tests.InventoryTest" time="1.198">
    <system-out><![CDATA[El test Close hamburger menu resultó: 1
2024-04-21 21:00:03.661 [main] DEBUG components.LoginComponent - Enter Username: standard_user
2024-04-21 21:00:03.725 [main] DEBUG components.LoginComponent - Enter Password: secret_sauce
2024-04-21 21:00:03.774 [main] DEBUG components.LoginComponent - Click Login button
2024-04-21 21:00:03.840 [main] DEBUG components.HeaderComponent - Initialize Menu Component
2024-04-21 21:00:03.875 [main] DEBUG components.HeaderComponent - Create new MenuListComponent instance
2024-04-21 21:00:03.882 [main] DEBUG components.MenuListComponent - Click Close Menu button
2024-04-21 21:00:04.445 [main] DEBUG components.inventory.SecondaryHeaderComponent - Select filter with index: 3
2024-04-21 21:00:04.522 [main] DEBUG components.inventory.SecondaryHeaderComponent - Get selected filter: Price (high to low)
2024-04-21 21:00:04.522 [main] DEBUG components.inventory.SecondaryHeaderComponent - Selected filter: Price (high to low)
2024-04-21 21:00:04.526 [main] DEBUG components.HeaderComponent - Initialize Menu Component
2024-04-21 21:00:04.801 [main] DEBUG components.HeaderComponent - Create new MenuListComponent instance
2024-04-21 21:00:04.804 [main] DEBUG components.MenuListComponent - Click Close Menu button
2024-04-21 21:00:04.848 [main] DEBUG components.inventory.SecondaryHeaderComponent - Get selected filter: Price (high to low)
]]></system-out>
    <system-err><![CDATA[abr 21, 2024 9:00:03 P. M. org.openqa.selenium.devtools.CdpVersionFinder findNearestMatch
WARNING: Unable to find an exact match for CDP version 123, returning the closest version; found: 122; Please update to a Selenium version that supports CDP version 123
]]></system-err>
  </testcase>
  <testcase name="goToAboutPage" classname="tests.InventoryTest" time="5.039">
    <system-out><![CDATA[El test Change the shop filter resultó: 1
2024-04-21 21:00:06.022 [main] DEBUG components.LoginComponent - Enter Username: standard_user
2024-04-21 21:00:06.084 [main] DEBUG components.LoginComponent - Enter Password: secret_sauce
2024-04-21 21:00:06.139 [main] DEBUG components.LoginComponent - Click Login button
2024-04-21 21:00:06.210 [main] DEBUG components.HeaderComponent - Initialize Menu Component
2024-04-21 21:00:06.245 [main] DEBUG components.HeaderComponent - Create new MenuListComponent instance
2024-04-21 21:00:06.252 [main] DEBUG components.MenuListComponent - Click Close Menu button
2024-04-21 21:00:07.154 [main] DEBUG components.MenuListComponent - Click About button
]]></system-out>
    <system-err><![CDATA[abr 21, 2024 9:00:05 P. M. org.openqa.selenium.devtools.CdpVersionFinder findNearestMatch
WARNING: Unable to find an exact match for CDP version 123, returning the closest version; found: 122; Please update to a Selenium version that supports CDP version 123
]]></system-err>
  </testcase>
  <testcase name="goToCart" classname="tests.InventoryTest" time="1.803">
    <system-out><![CDATA[El test Go to about page resultó: 1
2024-04-21 21:00:12.322 [main] DEBUG components.LoginComponent - Enter Username: standard_user
2024-04-21 21:00:12.381 [main] DEBUG components.LoginComponent - Enter Password: secret_sauce
2024-04-21 21:00:12.433 [main] DEBUG components.LoginComponent - Click Login button
2024-04-21 21:00:12.490 [main] DEBUG components.HeaderComponent - Initialize Menu Component
2024-04-21 21:00:12.532 [main] DEBUG components.HeaderComponent - Create new MenuListComponent instance
2024-04-21 21:00:12.539 [main] DEBUG components.MenuListComponent - Click Close Menu button
2024-04-21 21:00:13.095 [main] DEBUG components.HeaderComponent - Click Cart button
2024-04-21 21:00:13.130 [main] DEBUG components.HeaderComponent - Initialize Menu Component
2024-04-21 21:00:13.150 [main] DEBUG components.HeaderComponent - Create new MenuListComponent instance
2024-04-21 21:00:13.157 [main] DEBUG components.MenuListComponent - Click Close Menu button
2024-04-21 21:00:13.720 [main] DEBUG components.cart.CartItemListComponent - Initialize CartItems list
2024-04-21 21:00:13.730 [main] DEBUG components.HeaderComponent - Initialize Menu Component
2024-04-21 21:00:14.065 [main] DEBUG components.HeaderComponent - Create new MenuListComponent instance
2024-04-21 21:00:14.069 [main] DEBUG components.MenuListComponent - Click Close Menu button
2024-04-21 21:00:14.108 [main] DEBUG components.cart.CartItemListComponent - Initialize CartItems list
]]></system-out>
    <system-err><![CDATA[abr 21, 2024 9:00:11 P. M. org.openqa.selenium.devtools.CdpVersionFinder findNearestMatch
WARNING: Unable to find an exact match for CDP version 123, returning the closest version; found: 122; Please update to a Selenium version that supports CDP version 123
]]></system-err>
  </testcase>
  <testcase name="goToCartWithAddedItem" classname="tests.InventoryTest" time="1.842">
    <system-out><![CDATA[El test Go to cart resultó: 1
2024-04-21 21:00:15.281 [main] DEBUG components.LoginComponent - Enter Username: standard_user
2024-04-21 21:00:15.345 [main] DEBUG components.LoginComponent - Enter Password: secret_sauce
2024-04-21 21:00:15.403 [main] DEBUG components.LoginComponent - Click Login button
2024-04-21 21:00:15.470 [main] DEBUG components.HeaderComponent - Initialize Menu Component
2024-04-21 21:00:15.507 [main] DEBUG components.HeaderComponent - Create new MenuListComponent instance
2024-04-21 21:00:15.514 [main] DEBUG components.MenuListComponent - Click Close Menu button
2024-04-21 21:00:16.075 [main] DEBUG components.inventory.InventoryListComponent - Initialize Inventory List
2024-04-21 21:00:16.097 [main] DEBUG components.inventory.InventoryItem - Get Item name: Sauce Labs Backpack
2024-04-21 21:00:16.097 [main] DEBUG components.inventory.InventoryListComponent - Adding Item: Sauce Labs Backpack
2024-04-21 21:00:16.107 [main] DEBUG components.inventory.InventoryItem - Get Item name: Sauce Labs Bike Light
2024-04-21 21:00:16.107 [main] DEBUG components.inventory.InventoryListComponent - Adding Item: Sauce Labs Bike Light
2024-04-21 21:00:16.117 [main] DEBUG components.inventory.InventoryItem - Get Item name: Sauce Labs Bolt T-Shirt
2024-04-21 21:00:16.117 [main] DEBUG components.inventory.InventoryListComponent - Adding Item: Sauce Labs Bolt T-Shirt
2024-04-21 21:00:16.129 [main] DEBUG components.inventory.InventoryItem - Get Item name: Sauce Labs Fleece Jacket
2024-04-21 21:00:16.129 [main] DEBUG components.inventory.InventoryListComponent - Adding Item: Sauce Labs Fleece Jacket
2024-04-21 21:00:16.139 [main] DEBUG components.inventory.InventoryItem - Get Item name: Sauce Labs Onesie
2024-04-21 21:00:16.139 [main] DEBUG components.inventory.InventoryListComponent - Adding Item: Sauce Labs Onesie
2024-04-21 21:00:16.149 [main] DEBUG components.inventory.InventoryItem - Get Item name: Test.allTheThings() T-Shirt (Red)
2024-04-21 21:00:16.149 [main] DEBUG components.inventory.InventoryListComponent - Adding Item: Test.allTheThings() T-Shirt (Red)
2024-04-21 21:00:16.158 [main] DEBUG components.inventory.InventoryItem - Get Item name: Sauce Labs Backpack
2024-04-21 21:00:16.158 [main] DEBUG components.inventory.InventoryListComponent - Get Item 'Sauce Labs Backpack' with ID '0'
2024-04-21 21:00:16.167 [main] DEBUG components.inventory.InventoryItem - Get Item name: Sauce Labs Backpack
2024-04-21 21:00:16.168 [main] DEBUG components.inventory.InventoryItem - Click Add/Remove button
2024-04-21 21:00:16.202 [main] DEBUG components.HeaderComponent - Initialize Menu Component
2024-04-21 21:00:16.409 [main] DEBUG components.HeaderComponent - Create new MenuListComponent instance
2024-04-21 21:00:16.414 [main] DEBUG components.MenuListComponent - Click Close Menu button
2024-04-21 21:00:16.449 [main] DEBUG components.HeaderComponent - Click Cart button
2024-04-21 21:00:16.486 [main] DEBUG components.HeaderComponent - Initialize Menu Component
2024-04-21 21:00:16.510 [main] DEBUG components.HeaderComponent - Create new MenuListComponent instance
2024-04-21 21:00:16.517 [main] DEBUG components.MenuListComponent - Click Close Menu button
2024-04-21 21:00:17.079 [main] DEBUG components.cart.CartItemListComponent - Initialize CartItems list
2024-04-21 21:00:17.095 [main] DEBUG components.cart.CartItem - Get Item name: Sauce Labs Backpack
2024-04-21 21:00:17.096 [main] DEBUG components.cart.CartItemListComponent - Adding CartItem: Sauce Labs Backpack
2024-04-21 21:00:17.106 [main] DEBUG components.cart.CartItem - Get Item name: Sauce Labs Backpack
2024-04-21 21:00:17.106 [main] DEBUG components.cart.CartItemListComponent - Get CartItem 'Sauce Labs Backpack'' with index '0'
2024-04-21 21:00:17.113 [main] DEBUG components.cart.CartItem - Get Item name: Sauce Labs Backpack
]]></system-out>
    <system-err><![CDATA[abr 21, 2024 9:00:14 P. M. org.openqa.selenium.devtools.CdpVersionFinder findNearestMatch
WARNING: Unable to find an exact match for CDP version 123, returning the closest version; found: 122; Please update to a Selenium version that supports CDP version 123
]]></system-err>
  </testcase>
  <testcase name="goToInventory" classname="tests.InventoryTest" time="2.421">
    <system-out><![CDATA[El test Add item to cart and check if its the same item resultó: 1
2024-04-21 21:00:18.428 [main] DEBUG components.LoginComponent - Enter Username: standard_user
2024-04-21 21:00:18.494 [main] DEBUG components.LoginComponent - Enter Password: secret_sauce
2024-04-21 21:00:18.556 [main] DEBUG components.LoginComponent - Click Login button
2024-04-21 21:00:18.634 [main] DEBUG components.HeaderComponent - Initialize Menu Component
2024-04-21 21:00:18.671 [main] DEBUG components.HeaderComponent - Create new MenuListComponent instance
2024-04-21 21:00:18.679 [main] DEBUG components.MenuListComponent - Click Close Menu button
2024-04-21 21:00:19.247 [main] DEBUG components.HeaderComponent - Click Cart button
2024-04-21 21:00:19.277 [main] DEBUG components.HeaderComponent - Initialize Menu Component
2024-04-21 21:00:19.297 [main] DEBUG components.HeaderComponent - Create new MenuListComponent instance
2024-04-21 21:00:19.303 [main] DEBUG components.MenuListComponent - Click Close Menu button
2024-04-21 21:00:19.860 [main] DEBUG components.cart.CartItemListComponent - Initialize CartItems list
2024-04-21 21:00:20.203 [main] DEBUG components.MenuListComponent - Click All Items button
2024-04-21 21:00:20.254 [main] DEBUG components.HeaderComponent - Initialize Menu Component
2024-04-21 21:00:20.279 [main] DEBUG components.HeaderComponent - Create new MenuListComponent instance
2024-04-21 21:00:20.285 [main] DEBUG components.MenuListComponent - Click Close Menu button
]]></system-out>
    <system-err><![CDATA[abr 21, 2024 9:00:17 P. M. org.openqa.selenium.devtools.CdpVersionFinder findNearestMatch
WARNING: Unable to find an exact match for CDP version 123, returning the closest version; found: 122; Please update to a Selenium version that supports CDP version 123
]]></system-err>
  </testcase>
  <testcase name="goToItemPageFromImage" classname="tests.InventoryTest" time="1.878">
    <system-out><![CDATA[El test Go back to Inventory page resultó: 1
2024-04-21 21:00:22.072 [main] DEBUG components.LoginComponent - Enter Username: standard_user
2024-04-21 21:00:22.131 [main] DEBUG components.LoginComponent - Enter Password: secret_sauce
2024-04-21 21:00:22.194 [main] DEBUG components.LoginComponent - Click Login button
2024-04-21 21:00:22.257 [main] DEBUG components.HeaderComponent - Initialize Menu Component
2024-04-21 21:00:22.299 [main] DEBUG components.HeaderComponent - Create new MenuListComponent instance
2024-04-21 21:00:22.309 [main] DEBUG components.MenuListComponent - Click Close Menu button
2024-04-21 21:00:22.878 [main] DEBUG components.inventory.InventoryListComponent - Initialize Inventory List
2024-04-21 21:00:22.898 [main] DEBUG components.inventory.InventoryItem - Get Item name: Sauce Labs Backpack
2024-04-21 21:00:22.898 [main] DEBUG components.inventory.InventoryListComponent - Adding Item: Sauce Labs Backpack
2024-04-21 21:00:22.906 [main] DEBUG components.inventory.InventoryItem - Get Item name: Sauce Labs Bike Light
2024-04-21 21:00:22.906 [main] DEBUG components.inventory.InventoryListComponent - Adding Item: Sauce Labs Bike Light
2024-04-21 21:00:22.913 [main] DEBUG components.inventory.InventoryItem - Get Item name: Sauce Labs Bolt T-Shirt
2024-04-21 21:00:22.913 [main] DEBUG components.inventory.InventoryListComponent - Adding Item: Sauce Labs Bolt T-Shirt
2024-04-21 21:00:22.920 [main] DEBUG components.inventory.InventoryItem - Get Item name: Sauce Labs Fleece Jacket
2024-04-21 21:00:22.922 [main] DEBUG components.inventory.InventoryListComponent - Adding Item: Sauce Labs Fleece Jacket
2024-04-21 21:00:22.930 [main] DEBUG components.inventory.InventoryItem - Get Item name: Sauce Labs Onesie
2024-04-21 21:00:22.930 [main] DEBUG components.inventory.InventoryListComponent - Adding Item: Sauce Labs Onesie
2024-04-21 21:00:22.937 [main] DEBUG components.inventory.InventoryItem - Get Item name: Test.allTheThings() T-Shirt (Red)
2024-04-21 21:00:22.937 [main] DEBUG components.inventory.InventoryListComponent - Adding Item: Test.allTheThings() T-Shirt (Red)
2024-04-21 21:00:22.946 [main] DEBUG components.inventory.InventoryItem - Get Item name: Sauce Labs Backpack
2024-04-21 21:00:22.946 [main] DEBUG components.inventory.InventoryListComponent - Get Item 'Sauce Labs Backpack' with ID '0'
2024-04-21 21:00:22.954 [main] DEBUG components.inventory.InventoryItem - Get Item name: Sauce Labs Backpack
2024-04-21 21:00:22.954 [main] DEBUG components.inventory.InventoryItem - Click Image button
2024-04-21 21:00:22.992 [main] DEBUG components.HeaderComponent - Initialize Menu Component
2024-04-21 21:00:23.013 [main] DEBUG components.HeaderComponent - Create new MenuListComponent instance
2024-04-21 21:00:23.019 [main] DEBUG components.MenuListComponent - Click Close Menu button
2024-04-21 21:00:23.560 [main] DEBUG components.HeaderComponent - Initialize Menu Component
2024-04-21 21:00:23.895 [main] DEBUG components.HeaderComponent - Create new MenuListComponent instance
2024-04-21 21:00:23.900 [main] DEBUG components.MenuListComponent - Click Close Menu button
]]></system-out>
    <system-err><![CDATA[abr 21, 2024 9:00:21 P. M. org.openqa.selenium.devtools.CdpVersionFinder findNearestMatch
WARNING: Unable to find an exact match for CDP version 123, returning the closest version; found: 122; Please update to a Selenium version that supports CDP version 123
]]></system-err>
  </testcase>
  <testcase name="goToItemPageFromLabel" classname="tests.InventoryTest" time="1.852">
    <system-out><![CDATA[El test Go to item page from image resultó: 1
2024-04-21 21:00:25.094 [main] DEBUG components.LoginComponent - Enter Username: standard_user
2024-04-21 21:00:25.158 [main] DEBUG components.LoginComponent - Enter Password: secret_sauce
2024-04-21 21:00:25.211 [main] DEBUG components.LoginComponent - Click Login button
2024-04-21 21:00:25.279 [main] DEBUG components.HeaderComponent - Initialize Menu Component
2024-04-21 21:00:25.310 [main] DEBUG components.HeaderComponent - Create new MenuListComponent instance
2024-04-21 21:00:25.317 [main] DEBUG components.MenuListComponent - Click Close Menu button
2024-04-21 21:00:25.877 [main] DEBUG components.inventory.InventoryListComponent - Initialize Inventory List
2024-04-21 21:00:25.894 [main] DEBUG components.inventory.InventoryItem - Get Item name: Sauce Labs Backpack
2024-04-21 21:00:25.894 [main] DEBUG components.inventory.InventoryListComponent - Adding Item: Sauce Labs Backpack
2024-04-21 21:00:25.903 [main] DEBUG components.inventory.InventoryItem - Get Item name: Sauce Labs Bike Light
2024-04-21 21:00:25.903 [main] DEBUG components.inventory.InventoryListComponent - Adding Item: Sauce Labs Bike Light
2024-04-21 21:00:25.912 [main] DEBUG components.inventory.InventoryItem - Get Item name: Sauce Labs Bolt T-Shirt
2024-04-21 21:00:25.912 [main] DEBUG components.inventory.InventoryListComponent - Adding Item: Sauce Labs Bolt T-Shirt
2024-04-21 21:00:25.920 [main] DEBUG components.inventory.InventoryItem - Get Item name: Sauce Labs Fleece Jacket
2024-04-21 21:00:25.920 [main] DEBUG components.inventory.InventoryListComponent - Adding Item: Sauce Labs Fleece Jacket
2024-04-21 21:00:25.927 [main] DEBUG components.inventory.InventoryItem - Get Item name: Sauce Labs Onesie
2024-04-21 21:00:25.928 [main] DEBUG components.inventory.InventoryListComponent - Adding Item: Sauce Labs Onesie
2024-04-21 21:00:25.936 [main] DEBUG components.inventory.InventoryItem - Get Item name: Test.allTheThings() T-Shirt (Red)
2024-04-21 21:00:25.936 [main] DEBUG components.inventory.InventoryListComponent - Adding Item: Test.allTheThings() T-Shirt (Red)
2024-04-21 21:00:25.944 [main] DEBUG components.inventory.InventoryItem - Get Item name: Sauce Labs Backpack
2024-04-21 21:00:25.944 [main] DEBUG components.inventory.InventoryListComponent - Get Item 'Sauce Labs Backpack' with ID '0'
2024-04-21 21:00:25.952 [main] DEBUG components.inventory.InventoryItem - Get Item name: Sauce Labs Backpack
2024-04-21 21:00:25.952 [main] DEBUG components.inventory.InventoryItem - Click Label button
2024-04-21 21:00:25.983 [main] DEBUG components.HeaderComponent - Initialize Menu Component
2024-04-21 21:00:26.005 [main] DEBUG components.HeaderComponent - Create new MenuListComponent instance
2024-04-21 21:00:26.010 [main] DEBUG components.MenuListComponent - Click Close Menu button
2024-04-21 21:00:26.553 [main] DEBUG components.HeaderComponent - Initialize Menu Component
2024-04-21 21:00:26.892 [main] DEBUG components.HeaderComponent - Create new MenuListComponent instance
2024-04-21 21:00:26.897 [main] DEBUG components.MenuListComponent - Click Close Menu button
]]></system-out>
    <system-err><![CDATA[abr 21, 2024 9:00:24 P. M. org.openqa.selenium.devtools.CdpVersionFinder findNearestMatch
WARNING: Unable to find an exact match for CDP version 123, returning the closest version; found: 122; Please update to a Selenium version that supports CDP version 123
]]></system-err>
  </testcase>
  <testcase name="logout" classname="tests.InventoryTest" time="1.167">
    <system-out><![CDATA[El test Go to item page from label resultó: 1
2024-04-21 21:00:28.138 [main] DEBUG components.LoginComponent - Enter Username: standard_user
2024-04-21 21:00:28.200 [main] DEBUG components.LoginComponent - Enter Password: secret_sauce
2024-04-21 21:00:28.255 [main] DEBUG components.LoginComponent - Click Login button
2024-04-21 21:00:28.325 [main] DEBUG components.HeaderComponent - Initialize Menu Component
2024-04-21 21:00:28.366 [main] DEBUG components.HeaderComponent - Create new MenuListComponent instance
2024-04-21 21:00:28.373 [main] DEBUG components.MenuListComponent - Click Close Menu button
2024-04-21 21:00:29.262 [main] DEBUG components.MenuListComponent - Click Logout button
]]></system-out>
    <system-err><![CDATA[abr 21, 2024 9:00:27 P. M. org.openqa.selenium.devtools.CdpVersionFinder findNearestMatch
WARNING: Unable to find an exact match for CDP version 123, returning the closest version; found: 122; Please update to a Selenium version that supports CDP version 123
]]></system-err>
  </testcase>
  <testcase name="addItemToCart" classname="tests.ItemTest" time="2.13">
    <system-out><![CDATA[El test Try to logout resultó: 1
2024-04-21 21:00:30.406 [main] DEBUG components.LoginComponent - Enter Username: standard_user
2024-04-21 21:00:30.468 [main] DEBUG components.LoginComponent - Enter Password: secret_sauce
2024-04-21 21:00:30.522 [main] DEBUG components.LoginComponent - Click Login button
2024-04-21 21:00:30.583 [main] DEBUG components.HeaderComponent - Initialize Menu Component
2024-04-21 21:00:30.618 [main] DEBUG components.HeaderComponent - Create new MenuListComponent instance
2024-04-21 21:00:30.626 [main] DEBUG components.MenuListComponent - Click Close Menu button
2024-04-21 21:00:31.182 [main] DEBUG components.inventory.InventoryListComponent - Initialize Inventory List
2024-04-21 21:00:31.200 [main] DEBUG components.inventory.InventoryItem - Get Item name: Sauce Labs Backpack
2024-04-21 21:00:31.200 [main] DEBUG components.inventory.InventoryListComponent - Adding Item: Sauce Labs Backpack
2024-04-21 21:00:31.209 [main] DEBUG components.inventory.InventoryItem - Get Item name: Sauce Labs Bike Light
2024-04-21 21:00:31.209 [main] DEBUG components.inventory.InventoryListComponent - Adding Item: Sauce Labs Bike Light
2024-04-21 21:00:31.220 [main] DEBUG components.inventory.InventoryItem - Get Item name: Sauce Labs Bolt T-Shirt
2024-04-21 21:00:31.220 [main] DEBUG components.inventory.InventoryListComponent - Adding Item: Sauce Labs Bolt T-Shirt
2024-04-21 21:00:31.228 [main] DEBUG components.inventory.InventoryItem - Get Item name: Sauce Labs Fleece Jacket
2024-04-21 21:00:31.228 [main] DEBUG components.inventory.InventoryListComponent - Adding Item: Sauce Labs Fleece Jacket
2024-04-21 21:00:31.237 [main] DEBUG components.inventory.InventoryItem - Get Item name: Sauce Labs Onesie
2024-04-21 21:00:31.237 [main] DEBUG components.inventory.InventoryListComponent - Adding Item: Sauce Labs Onesie
2024-04-21 21:00:31.246 [main] DEBUG components.inventory.InventoryItem - Get Item name: Test.allTheThings() T-Shirt (Red)
2024-04-21 21:00:31.246 [main] DEBUG components.inventory.InventoryListComponent - Adding Item: Test.allTheThings() T-Shirt (Red)
2024-04-21 21:00:31.253 [main] DEBUG components.inventory.InventoryItem - Get Item name: Sauce Labs Backpack
2024-04-21 21:00:31.253 [main] DEBUG components.inventory.InventoryListComponent - Get Item 'Sauce Labs Backpack' with ID '0'
2024-04-21 21:00:31.262 [main] DEBUG components.inventory.InventoryItem - Get Item name: Sauce Labs Backpack
2024-04-21 21:00:31.262 [main] DEBUG components.inventory.InventoryItem - Click Label button
2024-04-21 21:00:31.294 [main] DEBUG components.HeaderComponent - Initialize Menu Component
2024-04-21 21:00:31.317 [main] DEBUG components.HeaderComponent - Create new MenuListComponent instance
2024-04-21 21:00:31.323 [main] DEBUG components.MenuListComponent - Click Close Menu button
2024-04-21 21:00:31.895 [main] DEBUG components.HeaderComponent - Click Cart button
2024-04-21 21:00:31.928 [main] DEBUG components.HeaderComponent - Initialize Menu Component
2024-04-21 21:00:31.948 [main] DEBUG components.HeaderComponent - Create new MenuListComponent instance
2024-04-21 21:00:31.953 [main] DEBUG components.MenuListComponent - Click Close Menu button
2024-04-21 21:00:32.498 [main] DEBUG components.cart.CartItemListComponent - Initialize CartItems list
2024-04-21 21:00:32.511 [main] DEBUG components.cart.CartItem - Get Item name: Sauce Labs Backpack
2024-04-21 21:00:32.511 [main] DEBUG components.cart.CartItemListComponent - Adding CartItem: Sauce Labs Backpack
2024-04-21 21:00:32.517 [main] DEBUG components.cart.CartItem - Get Item name: Sauce Labs Backpack
2024-04-21 21:00:32.518 [main] DEBUG components.cart.CartItemListComponent - Get CartItem 'Sauce Labs Backpack'' with index '0'
2024-04-21 21:00:32.525 [main] DEBUG components.cart.CartItem - Get Item name: Sauce Labs Backpack
]]></system-out>
    <system-err><![CDATA[abr 21, 2024 9:00:29 P. M. org.openqa.selenium.remote.http.WebSocket$Listener onError
WARNING: Connection reset
java.net.SocketException: Connection reset
	at java.base/sun.nio.ch.SocketChannelImpl.throwConnectionReset(SocketChannelImpl.java:401)
	at java.base/sun.nio.ch.SocketChannelImpl.read(SocketChannelImpl.java:434)
	at java.net.http/jdk.internal.net.http.SocketTube.readAvailable(SocketTube.java:1178)
	at java.net.http/jdk.internal.net.http.SocketTube$InternalReadPublisher$InternalReadSubscription.read(SocketTube.java:841)
	at java.net.http/jdk.internal.net.http.SocketTube$SocketFlowTask.run(SocketTube.java:181)
	at java.net.http/jdk.internal.net.http.common.SequentialScheduler$SchedulableTask.run(SequentialScheduler.java:207)
	at java.net.http/jdk.internal.net.http.common.SequentialScheduler.runOrSchedule(SequentialScheduler.java:280)
	at java.net.http/jdk.internal.net.http.common.SequentialScheduler.runOrSchedule(SequentialScheduler.java:233)
	at java.net.http/jdk.internal.net.http.SocketTube$InternalReadPublisher$InternalReadSubscription.signalReadable(SocketTube.java:782)
	at java.net.http/jdk.internal.net.http.SocketTube$InternalReadPublisher$ReadEvent.signalEvent(SocketTube.java:965)
	at java.net.http/jdk.internal.net.http.SocketTube$SocketFlowEvent.handle(SocketTube.java:253)
	at java.net.http/jdk.internal.net.http.HttpClientImpl$SelectorManager.handleEvent(HttpClientImpl.java:1467)
	at java.net.http/jdk.internal.net.http.HttpClientImpl$SelectorManager.lambda$run$3(HttpClientImpl.java:1412)
	at java.base/java.util.ArrayList.forEach(ArrayList.java:1596)
	at java.net.http/jdk.internal.net.http.HttpClientImpl$SelectorManager.run(HttpClientImpl.java:1412)

abr 21, 2024 9:00:29 P. M. org.openqa.selenium.devtools.CdpVersionFinder findNearestMatch
WARNING: Unable to find an exact match for CDP version 123, returning the closest version; found: 122; Please update to a Selenium version that supports CDP version 123
]]></system-err>
  </testcase>
  <testcase name="backToInventory" classname="tests.ItemTest" time="2.7">
    <system-out><![CDATA[El test Add item to cart resultó: 1
2024-04-21 21:00:33.646 [main] DEBUG components.LoginComponent - Enter Username: standard_user
2024-04-21 21:00:33.723 [main] DEBUG components.LoginComponent - Enter Password: secret_sauce
2024-04-21 21:00:33.783 [main] DEBUG components.LoginComponent - Click Login button
2024-04-21 21:00:33.844 [main] DEBUG components.HeaderComponent - Initialize Menu Component
2024-04-21 21:00:33.878 [main] DEBUG components.HeaderComponent - Create new MenuListComponent instance
2024-04-21 21:00:33.885 [main] DEBUG components.MenuListComponent - Click Close Menu button
2024-04-21 21:00:34.452 [main] DEBUG components.inventory.InventoryListComponent - Initialize Inventory List
2024-04-21 21:00:34.470 [main] DEBUG components.inventory.InventoryItem - Get Item name: Sauce Labs Backpack
2024-04-21 21:00:34.470 [main] DEBUG components.inventory.InventoryListComponent - Adding Item: Sauce Labs Backpack
2024-04-21 21:00:34.478 [main] DEBUG components.inventory.InventoryItem - Get Item name: Sauce Labs Bike Light
2024-04-21 21:00:34.478 [main] DEBUG components.inventory.InventoryListComponent - Adding Item: Sauce Labs Bike Light
2024-04-21 21:00:34.487 [main] DEBUG components.inventory.InventoryItem - Get Item name: Sauce Labs Bolt T-Shirt
2024-04-21 21:00:34.487 [main] DEBUG components.inventory.InventoryListComponent - Adding Item: Sauce Labs Bolt T-Shirt
2024-04-21 21:00:34.495 [main] DEBUG components.inventory.InventoryItem - Get Item name: Sauce Labs Fleece Jacket
2024-04-21 21:00:34.495 [main] DEBUG components.inventory.InventoryListComponent - Adding Item: Sauce Labs Fleece Jacket
2024-04-21 21:00:34.504 [main] DEBUG components.inventory.InventoryItem - Get Item name: Sauce Labs Onesie
2024-04-21 21:00:34.504 [main] DEBUG components.inventory.InventoryListComponent - Adding Item: Sauce Labs Onesie
2024-04-21 21:00:34.513 [main] DEBUG components.inventory.InventoryItem - Get Item name: Test.allTheThings() T-Shirt (Red)
2024-04-21 21:00:34.513 [main] DEBUG components.inventory.InventoryListComponent - Adding Item: Test.allTheThings() T-Shirt (Red)
2024-04-21 21:00:34.522 [main] DEBUG components.inventory.InventoryItem - Get Item name: Sauce Labs Backpack
2024-04-21 21:00:34.522 [main] DEBUG components.inventory.InventoryListComponent - Get Item 'Sauce Labs Backpack' with ID '0'
2024-04-21 21:00:34.522 [main] DEBUG components.inventory.InventoryItem - Click Label button
2024-04-21 21:00:34.559 [main] DEBUG components.HeaderComponent - Initialize Menu Component
2024-04-21 21:00:34.580 [main] DEBUG components.HeaderComponent - Create new MenuListComponent instance
2024-04-21 21:00:34.587 [main] DEBUG components.MenuListComponent - Click Close Menu button
2024-04-21 21:00:35.365 [main] DEBUG components.HeaderComponent - Initialize Menu Component
2024-04-21 21:00:35.392 [main] DEBUG components.HeaderComponent - Create new MenuListComponent instance
2024-04-21 21:00:35.399 [main] DEBUG components.MenuListComponent - Click Close Menu button
2024-04-21 21:00:35.951 [main] DEBUG components.HeaderComponent - Initialize Menu Component
2024-04-21 21:00:36.285 [main] DEBUG components.HeaderComponent - Create new MenuListComponent instance
2024-04-21 21:00:36.290 [main] DEBUG components.MenuListComponent - Click Close Menu button
]]></system-out>
    <system-err><![CDATA[abr 21, 2024 9:00:33 P. M. org.openqa.selenium.devtools.CdpVersionFinder findNearestMatch
WARNING: Unable to find an exact match for CDP version 123, returning the closest version; found: 122; Please update to a Selenium version that supports CDP version 123
]]></system-err>
  </testcase>
  <testcase name="removeItemFromCart" classname="tests.ItemTest" time="33.563">
    <system-out><![CDATA[El test Go back to inventory resultó: 1
2024-04-21 21:00:37.520 [main] DEBUG components.LoginComponent - Enter Username: standard_user
2024-04-21 21:00:37.584 [main] DEBUG components.LoginComponent - Enter Password: secret_sauce
2024-04-21 21:00:37.634 [main] DEBUG components.LoginComponent - Click Login button
2024-04-21 21:00:37.707 [main] DEBUG components.HeaderComponent - Initialize Menu Component
2024-04-21 21:00:37.739 [main] DEBUG components.HeaderComponent - Create new MenuListComponent instance
2024-04-21 21:00:37.747 [main] DEBUG components.MenuListComponent - Click Close Menu button
2024-04-21 21:00:38.310 [main] DEBUG components.inventory.InventoryListComponent - Initialize Inventory List
2024-04-21 21:00:38.328 [main] DEBUG components.inventory.InventoryItem - Get Item name: Sauce Labs Backpack
2024-04-21 21:00:38.328 [main] DEBUG components.inventory.InventoryListComponent - Adding Item: Sauce Labs Backpack
2024-04-21 21:00:38.337 [main] DEBUG components.inventory.InventoryItem - Get Item name: Sauce Labs Bike Light
2024-04-21 21:00:38.337 [main] DEBUG components.inventory.InventoryListComponent - Adding Item: Sauce Labs Bike Light
2024-04-21 21:00:38.344 [main] DEBUG components.inventory.InventoryItem - Get Item name: Sauce Labs Bolt T-Shirt
2024-04-21 21:00:38.344 [main] DEBUG components.inventory.InventoryListComponent - Adding Item: Sauce Labs Bolt T-Shirt
2024-04-21 21:00:38.353 [main] DEBUG components.inventory.InventoryItem - Get Item name: Sauce Labs Fleece Jacket
2024-04-21 21:00:38.353 [main] DEBUG components.inventory.InventoryListComponent - Adding Item: Sauce Labs Fleece Jacket
2024-04-21 21:00:38.363 [main] DEBUG components.inventory.InventoryItem - Get Item name: Sauce Labs Onesie
2024-04-21 21:00:38.363 [main] DEBUG components.inventory.InventoryListComponent - Adding Item: Sauce Labs Onesie
2024-04-21 21:00:38.371 [main] DEBUG components.inventory.InventoryItem - Get Item name: Test.allTheThings() T-Shirt (Red)
2024-04-21 21:00:38.371 [main] DEBUG components.inventory.InventoryListComponent - Adding Item: Test.allTheThings() T-Shirt (Red)
2024-04-21 21:00:38.371 [main] DEBUG components.inventory.InventoryListComponent - Get Inventory Items
2024-04-21 21:00:38.374 [main] DEBUG components.HeaderComponent - Initialize Menu Component
2024-04-21 21:00:38.648 [main] DEBUG components.HeaderComponent - Create new MenuListComponent instance
2024-04-21 21:00:38.653 [main] DEBUG components.MenuListComponent - Click Close Menu button
2024-04-21 21:00:38.694 [main] DEBUG components.inventory.InventoryListComponent - Initialize Inventory List
2024-04-21 21:00:38.708 [main] DEBUG components.inventory.InventoryItem - Get Item name: Sauce Labs Backpack
2024-04-21 21:00:38.708 [main] DEBUG components.inventory.InventoryListComponent - Adding Item: Sauce Labs Backpack
2024-04-21 21:00:38.717 [main] DEBUG components.inventory.InventoryItem - Get Item name: Sauce Labs Bike Light
2024-04-21 21:00:38.717 [main] DEBUG components.inventory.InventoryListComponent - Adding Item: Sauce Labs Bike Light
2024-04-21 21:00:38.726 [main] DEBUG components.inventory.InventoryItem - Get Item name: Sauce Labs Bolt T-Shirt
2024-04-21 21:00:38.726 [main] DEBUG components.inventory.InventoryListComponent - Adding Item: Sauce Labs Bolt T-Shirt
2024-04-21 21:00:38.734 [main] DEBUG components.inventory.InventoryItem - Get Item name: Sauce Labs Fleece Jacket
2024-04-21 21:00:38.734 [main] DEBUG components.inventory.InventoryListComponent - Adding Item: Sauce Labs Fleece Jacket
2024-04-21 21:00:38.744 [main] DEBUG components.inventory.InventoryItem - Get Item name: Sauce Labs Onesie
2024-04-21 21:00:38.744 [main] DEBUG components.inventory.InventoryListComponent - Adding Item: Sauce Labs Onesie
2024-04-21 21:00:38.752 [main] DEBUG components.inventory.InventoryItem - Get Item name: Test.allTheThings() T-Shirt (Red)
2024-04-21 21:00:38.752 [main] DEBUG components.inventory.InventoryListComponent - Adding Item: Test.allTheThings() T-Shirt (Red)
2024-04-21 21:00:38.760 [main] DEBUG components.inventory.InventoryItem - Get Item name: Sauce Labs Backpack
2024-04-21 21:00:38.760 [main] DEBUG components.inventory.InventoryListComponent - Get Item 'Sauce Labs Backpack' with ID '0'
2024-04-21 21:00:38.768 [main] DEBUG components.inventory.InventoryItem - Get Item name: Sauce Labs Backpack
2024-04-21 21:00:38.768 [main] DEBUG components.inventory.InventoryItem - Click Label button
2024-04-21 21:00:38.800 [main] DEBUG components.HeaderComponent - Initialize Menu Component
2024-04-21 21:00:38.822 [main] DEBUG components.HeaderComponent - Create new MenuListComponent instance
2024-04-21 21:00:38.827 [main] DEBUG components.MenuListComponent - Click Close Menu button
2024-04-21 21:00:39.382 [main] DEBUG components.HeaderComponent - Initialize Menu Component
2024-04-21 21:00:39.720 [main] DEBUG components.HeaderComponent - Create new MenuListComponent instance
2024-04-21 21:00:39.724 [main] DEBUG components.MenuListComponent - Click Close Menu button
2024-04-21 21:00:39.781 [main] DEBUG components.HeaderComponent - Click Cart button
2024-04-21 21:00:39.815 [main] DEBUG components.HeaderComponent - Initialize Menu Component
2024-04-21 21:00:39.836 [main] DEBUG components.HeaderComponent - Create new MenuListComponent instance
2024-04-21 21:00:39.840 [main] DEBUG components.MenuListComponent - Click Close Menu button
2024-04-21 21:00:40.393 [main] DEBUG components.cart.CartItemListComponent - Initialize CartItems list
2024-04-21 21:00:40.407 [main] DEBUG components.cart.CartItem - Get Item name: Sauce Labs Backpack
2024-04-21 21:00:40.407 [main] DEBUG components.cart.CartItemListComponent - Adding CartItem: Sauce Labs Backpack
2024-04-21 21:00:40.410 [main] DEBUG components.cart.CartItemListComponent - Initialize CartItems list
2024-04-21 21:00:40.422 [main] DEBUG components.cart.CartItem - Get Item name: Sauce Labs Backpack
2024-04-21 21:00:40.422 [main] DEBUG components.cart.CartItemListComponent - Adding CartItem: Sauce Labs Backpack
2024-04-21 21:00:40.422 [main] DEBUG components.cart.CartFooter - Click Continue Shopping button
2024-04-21 21:00:40.456 [main] DEBUG components.HeaderComponent - Initialize Menu Component
2024-04-21 21:00:40.477 [main] DEBUG components.HeaderComponent - Create new MenuListComponent instance
2024-04-21 21:00:40.481 [main] DEBUG components.MenuListComponent - Click Close Menu button
2024-04-21 21:00:41.034 [main] DEBUG components.inventory.InventoryListComponent - Initialize Inventory List
2024-04-21 21:00:41.045 [main] DEBUG components.inventory.InventoryItem - Get Item name: Sauce Labs Backpack
2024-04-21 21:00:41.045 [main] DEBUG components.inventory.InventoryListComponent - Adding Item: Sauce Labs Backpack
2024-04-21 21:00:41.052 [main] DEBUG components.inventory.InventoryItem - Get Item name: Sauce Labs Bike Light
2024-04-21 21:00:41.052 [main] DEBUG components.inventory.InventoryListComponent - Adding Item: Sauce Labs Bike Light
2024-04-21 21:00:41.059 [main] DEBUG components.inventory.InventoryItem - Get Item name: Sauce Labs Bolt T-Shirt
2024-04-21 21:00:41.059 [main] DEBUG components.inventory.InventoryListComponent - Adding Item: Sauce Labs Bolt T-Shirt
2024-04-21 21:00:41.067 [main] DEBUG components.inventory.InventoryItem - Get Item name: Sauce Labs Fleece Jacket
2024-04-21 21:00:41.067 [main] DEBUG components.inventory.InventoryListComponent - Adding Item: Sauce Labs Fleece Jacket
2024-04-21 21:00:41.073 [main] DEBUG components.inventory.InventoryItem - Get Item name: Sauce Labs Onesie
2024-04-21 21:00:41.073 [main] DEBUG components.inventory.InventoryListComponent - Adding Item: Sauce Labs Onesie
2024-04-21 21:00:41.080 [main] DEBUG components.inventory.InventoryItem - Get Item name: Test.allTheThings() T-Shirt (Red)
2024-04-21 21:00:41.080 [main] DEBUG components.inventory.InventoryListComponent - Adding Item: Test.allTheThings() T-Shirt (Red)
2024-04-21 21:00:41.088 [main] DEBUG components.inventory.InventoryItem - Get Item name: Sauce Labs Backpack
2024-04-21 21:00:41.088 [main] DEBUG components.inventory.InventoryListComponent - Get Item 'Sauce Labs Backpack' with ID '0'
2024-04-21 21:00:41.088 [main] DEBUG components.inventory.InventoryItem - Click Label button
2024-04-21 21:00:41.113 [main] DEBUG components.HeaderComponent - Initialize Menu Component
2024-04-21 21:00:41.133 [main] DEBUG components.HeaderComponent - Create new MenuListComponent instance
2024-04-21 21:00:41.137 [main] DEBUG components.MenuListComponent - Click Close Menu button
2024-04-21 21:00:41.680 [main] DEBUG components.HeaderComponent - Initialize Menu Component
2024-04-21 21:00:42.019 [main] DEBUG components.HeaderComponent - Create new MenuListComponent instance
2024-04-21 21:00:42.022 [main] DEBUG components.MenuListComponent - Click Close Menu button
2024-04-21 21:00:42.072 [main] DEBUG components.HeaderComponent - Click Cart button
2024-04-21 21:00:42.096 [main] DEBUG components.HeaderComponent - Initialize Menu Component
2024-04-21 21:00:42.116 [main] DEBUG components.HeaderComponent - Create new MenuListComponent instance
2024-04-21 21:00:42.120 [main] DEBUG components.MenuListComponent - Click Close Menu button
2024-04-21 21:00:42.670 [main] DEBUG components.cart.CartItemListComponent - Initialize CartItems list
2024-04-21 21:00:42.678 [main] DEBUG components.cart.CartItemListComponent - Initialize CartItems list
2024-04-21 21:00:42.682 [main] DEBUG components.cart.CartItemListComponent - Initialize CartItems list
2024-04-21 21:00:42.686 [main] DEBUG components.cart.CartItemListComponent - Get Cart Items
2024-04-21 21:00:42.690 [main] DEBUG components.HeaderComponent - Initialize Menu Component
2024-04-21 21:00:43.020 [main] DEBUG components.HeaderComponent - Create new MenuListComponent instance
2024-04-21 21:00:43.026 [main] DEBUG components.MenuListComponent - Click Close Menu button
2024-04-21 21:00:43.073 [main] DEBUG components.cart.CartItemListComponent - Initialize CartItems list
2024-04-21 21:00:43.098 [main] DEBUG components.MenuListComponent - Click All Items button
2024-04-21 21:00:43.656 [main] DEBUG components.HeaderComponent - Initialize Menu Component
2024-04-21 21:00:43.675 [main] DEBUG components.HeaderComponent - Create new MenuListComponent instance
2024-04-21 21:00:43.680 [main] DEBUG components.MenuListComponent - Click Close Menu button
2024-04-21 21:00:44.224 [main] DEBUG components.inventory.InventoryListComponent - Initialize Inventory List
2024-04-21 21:00:44.237 [main] DEBUG components.inventory.InventoryItem - Get Item name: Sauce Labs Backpack
2024-04-21 21:00:44.237 [main] DEBUG components.inventory.InventoryListComponent - Adding Item: Sauce Labs Backpack
2024-04-21 21:00:44.244 [main] DEBUG components.inventory.InventoryItem - Get Item name: Sauce Labs Bike Light
2024-04-21 21:00:44.245 [main] DEBUG components.inventory.InventoryListComponent - Adding Item: Sauce Labs Bike Light
2024-04-21 21:00:44.252 [main] DEBUG components.inventory.InventoryItem - Get Item name: Sauce Labs Bolt T-Shirt
2024-04-21 21:00:44.252 [main] DEBUG components.inventory.InventoryListComponent - Adding Item: Sauce Labs Bolt T-Shirt
2024-04-21 21:00:44.260 [main] DEBUG components.inventory.InventoryItem - Get Item name: Sauce Labs Fleece Jacket
2024-04-21 21:00:44.260 [main] DEBUG components.inventory.InventoryListComponent - Adding Item: Sauce Labs Fleece Jacket
2024-04-21 21:00:44.268 [main] DEBUG components.inventory.InventoryItem - Get Item name: Sauce Labs Onesie
2024-04-21 21:00:44.268 [main] DEBUG components.inventory.InventoryListComponent - Adding Item: Sauce Labs Onesie
2024-04-21 21:00:44.275 [main] DEBUG components.inventory.InventoryItem - Get Item name: Test.allTheThings() T-Shirt (Red)
2024-04-21 21:00:44.275 [main] DEBUG components.inventory.InventoryListComponent - Adding Item: Test.allTheThings() T-Shirt (Red)
2024-04-21 21:00:44.282 [main] DEBUG components.inventory.InventoryItem - Get Item name: Sauce Labs Bike Light
2024-04-21 21:00:44.282 [main] DEBUG components.inventory.InventoryListComponent - Get Item 'Sauce Labs Bike Light' with ID '1'
2024-04-21 21:00:44.288 [main] DEBUG components.inventory.InventoryItem - Get Item name: Sauce Labs Bike Light
2024-04-21 21:00:44.288 [main] DEBUG components.inventory.InventoryItem - Click Label button
2024-04-21 21:00:44.314 [main] DEBUG components.HeaderComponent - Initialize Menu Component
2024-04-21 21:00:44.334 [main] DEBUG components.HeaderComponent - Create new MenuListComponent instance
2024-04-21 21:00:44.339 [main] DEBUG components.MenuListComponent - Click Close Menu button
2024-04-21 21:00:44.880 [main] DEBUG components.HeaderComponent - Initialize Menu Component
2024-04-21 21:00:45.215 [main] DEBUG components.HeaderComponent - Create new MenuListComponent instance
2024-04-21 21:00:45.219 [main] DEBUG components.MenuListComponent - Click Close Menu button
2024-04-21 21:00:45.269 [main] DEBUG components.HeaderComponent - Click Cart button
2024-04-21 21:00:45.294 [main] DEBUG components.HeaderComponent - Initialize Menu Component
2024-04-21 21:00:45.316 [main] DEBUG components.HeaderComponent - Create new MenuListComponent instance
2024-04-21 21:00:45.322 [main] DEBUG components.MenuListComponent - Click Close Menu button
2024-04-21 21:00:45.874 [main] DEBUG components.cart.CartItemListComponent - Initialize CartItems list
2024-04-21 21:00:45.886 [main] DEBUG components.cart.CartItem - Get Item name: Sauce Labs Bike Light
2024-04-21 21:00:45.886 [main] DEBUG components.cart.CartItemListComponent - Adding CartItem: Sauce Labs Bike Light
2024-04-21 21:00:45.890 [main] DEBUG components.cart.CartItemListComponent - Initialize CartItems list
2024-04-21 21:00:45.900 [main] DEBUG components.cart.CartItem - Get Item name: Sauce Labs Bike Light
2024-04-21 21:00:45.900 [main] DEBUG components.cart.CartItemListComponent - Adding CartItem: Sauce Labs Bike Light
2024-04-21 21:00:45.900 [main] DEBUG components.cart.CartFooter - Click Continue Shopping button
2024-04-21 21:00:45.930 [main] DEBUG components.HeaderComponent - Initialize Menu Component
2024-04-21 21:00:45.949 [main] DEBUG components.HeaderComponent - Create new MenuListComponent instance
2024-04-21 21:00:45.952 [main] DEBUG components.MenuListComponent - Click Close Menu button
2024-04-21 21:00:46.496 [main] DEBUG components.inventory.InventoryListComponent - Initialize Inventory List
2024-04-21 21:00:46.507 [main] DEBUG components.inventory.InventoryItem - Get Item name: Sauce Labs Backpack
2024-04-21 21:00:46.507 [main] DEBUG components.inventory.InventoryListComponent - Adding Item: Sauce Labs Backpack
2024-04-21 21:00:46.515 [main] DEBUG components.inventory.InventoryItem - Get Item name: Sauce Labs Bike Light
2024-04-21 21:00:46.515 [main] DEBUG components.inventory.InventoryListComponent - Adding Item: Sauce Labs Bike Light
2024-04-21 21:00:46.522 [main] DEBUG components.inventory.InventoryItem - Get Item name: Sauce Labs Bolt T-Shirt
2024-04-21 21:00:46.522 [main] DEBUG components.inventory.InventoryListComponent - Adding Item: Sauce Labs Bolt T-Shirt
2024-04-21 21:00:46.529 [main] DEBUG components.inventory.InventoryItem - Get Item name: Sauce Labs Fleece Jacket
2024-04-21 21:00:46.529 [main] DEBUG components.inventory.InventoryListComponent - Adding Item: Sauce Labs Fleece Jacket
2024-04-21 21:00:46.536 [main] DEBUG components.inventory.InventoryItem - Get Item name: Sauce Labs Onesie
2024-04-21 21:00:46.536 [main] DEBUG components.inventory.InventoryListComponent - Adding Item: Sauce Labs Onesie
2024-04-21 21:00:46.544 [main] DEBUG components.inventory.InventoryItem - Get Item name: Test.allTheThings() T-Shirt (Red)
2024-04-21 21:00:46.544 [main] DEBUG components.inventory.InventoryListComponent - Adding Item: Test.allTheThings() T-Shirt (Red)
2024-04-21 21:00:46.550 [main] DEBUG components.inventory.InventoryItem - Get Item name: Sauce Labs Bike Light
2024-04-21 21:00:46.550 [main] DEBUG components.inventory.InventoryListComponent - Get Item 'Sauce Labs Bike Light' with ID '1'
2024-04-21 21:00:46.550 [main] DEBUG components.inventory.InventoryItem - Click Label button
2024-04-21 21:00:46.577 [main] DEBUG components.HeaderComponent - Initialize Menu Component
2024-04-21 21:00:46.595 [main] DEBUG components.HeaderComponent - Create new MenuListComponent instance
2024-04-21 21:00:46.600 [main] DEBUG components.MenuListComponent - Click Close Menu button
2024-04-21 21:00:47.143 [main] DEBUG components.HeaderComponent - Initialize Menu Component
2024-04-21 21:00:47.481 [main] DEBUG components.HeaderComponent - Create new MenuListComponent instance
2024-04-21 21:00:47.485 [main] DEBUG components.MenuListComponent - Click Close Menu button
2024-04-21 21:00:47.532 [main] DEBUG components.HeaderComponent - Click Cart button
2024-04-21 21:00:47.558 [main] DEBUG components.HeaderComponent - Initialize Menu Component
2024-04-21 21:00:47.578 [main] DEBUG components.HeaderComponent - Create new MenuListComponent instance
2024-04-21 21:00:47.582 [main] DEBUG components.MenuListComponent - Click Close Menu button
2024-04-21 21:00:48.138 [main] DEBUG components.cart.CartItemListComponent - Initialize CartItems list
2024-04-21 21:00:48.148 [main] DEBUG components.cart.CartItemListComponent - Initialize CartItems list
2024-04-21 21:00:48.154 [main] DEBUG components.cart.CartItemListComponent - Initialize CartItems list
2024-04-21 21:00:48.159 [main] DEBUG components.cart.CartItemListComponent - Get Cart Items
2024-04-21 21:00:48.165 [main] DEBUG components.HeaderComponent - Initialize Menu Component
2024-04-21 21:00:48.506 [main] DEBUG components.HeaderComponent - Create new MenuListComponent instance
2024-04-21 21:00:48.513 [main] DEBUG components.MenuListComponent - Click Close Menu button
2024-04-21 21:00:48.549 [main] DEBUG components.cart.CartItemListComponent - Initialize CartItems list
2024-04-21 21:00:48.571 [main] DEBUG components.MenuListComponent - Click All Items button
2024-04-21 21:00:49.133 [main] DEBUG components.HeaderComponent - Initialize Menu Component
2024-04-21 21:00:49.154 [main] DEBUG components.HeaderComponent - Create new MenuListComponent instance
2024-04-21 21:00:49.159 [main] DEBUG components.MenuListComponent - Click Close Menu button
2024-04-21 21:00:49.706 [main] DEBUG components.inventory.InventoryListComponent - Initialize Inventory List
2024-04-21 21:00:49.722 [main] DEBUG components.inventory.InventoryItem - Get Item name: Sauce Labs Backpack
2024-04-21 21:00:49.722 [main] DEBUG components.inventory.InventoryListComponent - Adding Item: Sauce Labs Backpack
2024-04-21 21:00:49.732 [main] DEBUG components.inventory.InventoryItem - Get Item name: Sauce Labs Bike Light
2024-04-21 21:00:49.732 [main] DEBUG components.inventory.InventoryListComponent - Adding Item: Sauce Labs Bike Light
2024-04-21 21:00:49.741 [main] DEBUG components.inventory.InventoryItem - Get Item name: Sauce Labs Bolt T-Shirt
2024-04-21 21:00:49.741 [main] DEBUG components.inventory.InventoryListComponent - Adding Item: Sauce Labs Bolt T-Shirt
2024-04-21 21:00:49.749 [main] DEBUG components.inventory.InventoryItem - Get Item name: Sauce Labs Fleece Jacket
2024-04-21 21:00:49.749 [main] DEBUG components.inventory.InventoryListComponent - Adding Item: Sauce Labs Fleece Jacket
2024-04-21 21:00:49.758 [main] DEBUG components.inventory.InventoryItem - Get Item name: Sauce Labs Onesie
2024-04-21 21:00:49.758 [main] DEBUG components.inventory.InventoryListComponent - Adding Item: Sauce Labs Onesie
2024-04-21 21:00:49.766 [main] DEBUG components.inventory.InventoryItem - Get Item name: Test.allTheThings() T-Shirt (Red)
2024-04-21 21:00:49.767 [main] DEBUG components.inventory.InventoryListComponent - Adding Item: Test.allTheThings() T-Shirt (Red)
2024-04-21 21:00:49.776 [main] DEBUG components.inventory.InventoryItem - Get Item name: Sauce Labs Bolt T-Shirt
2024-04-21 21:00:49.776 [main] DEBUG components.inventory.InventoryListComponent - Get Item 'Sauce Labs Bolt T-Shirt' with ID '2'
2024-04-21 21:00:49.785 [main] DEBUG components.inventory.InventoryItem - Get Item name: Sauce Labs Bolt T-Shirt
2024-04-21 21:00:49.785 [main] DEBUG components.inventory.InventoryItem - Click Label button
2024-04-21 21:00:49.813 [main] DEBUG components.HeaderComponent - Initialize Menu Component
2024-04-21 21:00:49.834 [main] DEBUG components.HeaderComponent - Create new MenuListComponent instance
2024-04-21 21:00:49.838 [main] DEBUG components.MenuListComponent - Click Close Menu button
2024-04-21 21:00:50.380 [main] DEBUG components.HeaderComponent - Initialize Menu Component
2024-04-21 21:00:50.718 [main] DEBUG components.HeaderComponent - Create new MenuListComponent instance
2024-04-21 21:00:50.722 [main] DEBUG components.MenuListComponent - Click Close Menu button
2024-04-21 21:00:50.770 [main] DEBUG components.HeaderComponent - Click Cart button
2024-04-21 21:00:50.801 [main] DEBUG components.HeaderComponent - Initialize Menu Component
2024-04-21 21:00:50.825 [main] DEBUG components.HeaderComponent - Create new MenuListComponent instance
2024-04-21 21:00:50.830 [main] DEBUG components.MenuListComponent - Click Close Menu button
2024-04-21 21:00:51.381 [main] DEBUG components.cart.CartItemListComponent - Initialize CartItems list
2024-04-21 21:00:51.393 [main] DEBUG components.cart.CartItem - Get Item name: Sauce Labs Bolt T-Shirt
2024-04-21 21:00:51.393 [main] DEBUG components.cart.CartItemListComponent - Adding CartItem: Sauce Labs Bolt T-Shirt
2024-04-21 21:00:51.398 [main] DEBUG components.cart.CartItemListComponent - Initialize CartItems list
2024-04-21 21:00:51.409 [main] DEBUG components.cart.CartItem - Get Item name: Sauce Labs Bolt T-Shirt
2024-04-21 21:00:51.410 [main] DEBUG components.cart.CartItemListComponent - Adding CartItem: Sauce Labs Bolt T-Shirt
2024-04-21 21:00:51.410 [main] DEBUG components.cart.CartFooter - Click Continue Shopping button
2024-04-21 21:00:51.440 [main] DEBUG components.HeaderComponent - Initialize Menu Component
2024-04-21 21:00:51.459 [main] DEBUG components.HeaderComponent - Create new MenuListComponent instance
2024-04-21 21:00:51.462 [main] DEBUG components.MenuListComponent - Click Close Menu button
2024-04-21 21:00:52.003 [main] DEBUG components.inventory.InventoryListComponent - Initialize Inventory List
2024-04-21 21:00:52.016 [main] DEBUG components.inventory.InventoryItem - Get Item name: Sauce Labs Backpack
2024-04-21 21:00:52.016 [main] DEBUG components.inventory.InventoryListComponent - Adding Item: Sauce Labs Backpack
2024-04-21 21:00:52.024 [main] DEBUG components.inventory.InventoryItem - Get Item name: Sauce Labs Bike Light
2024-04-21 21:00:52.025 [main] DEBUG components.inventory.InventoryListComponent - Adding Item: Sauce Labs Bike Light
2024-04-21 21:00:52.033 [main] DEBUG components.inventory.InventoryItem - Get Item name: Sauce Labs Bolt T-Shirt
2024-04-21 21:00:52.033 [main] DEBUG components.inventory.InventoryListComponent - Adding Item: Sauce Labs Bolt T-Shirt
2024-04-21 21:00:52.040 [main] DEBUG components.inventory.InventoryItem - Get Item name: Sauce Labs Fleece Jacket
2024-04-21 21:00:52.040 [main] DEBUG components.inventory.InventoryListComponent - Adding Item: Sauce Labs Fleece Jacket
2024-04-21 21:00:52.048 [main] DEBUG components.inventory.InventoryItem - Get Item name: Sauce Labs Onesie
2024-04-21 21:00:52.048 [main] DEBUG components.inventory.InventoryListComponent - Adding Item: Sauce Labs Onesie
2024-04-21 21:00:52.056 [main] DEBUG components.inventory.InventoryItem - Get Item name: Test.allTheThings() T-Shirt (Red)
2024-04-21 21:00:52.056 [main] DEBUG components.inventory.InventoryListComponent - Adding Item: Test.allTheThings() T-Shirt (Red)
2024-04-21 21:00:52.064 [main] DEBUG components.inventory.InventoryItem - Get Item name: Sauce Labs Bolt T-Shirt
2024-04-21 21:00:52.064 [main] DEBUG components.inventory.InventoryListComponent - Get Item 'Sauce Labs Bolt T-Shirt' with ID '2'
2024-04-21 21:00:52.064 [main] DEBUG components.inventory.InventoryItem - Click Label button
2024-04-21 21:00:52.094 [main] DEBUG components.HeaderComponent - Initialize Menu Component
2024-04-21 21:00:52.115 [main] DEBUG components.HeaderComponent - Create new MenuListComponent instance
2024-04-21 21:00:52.121 [main] DEBUG components.MenuListComponent - Click Close Menu button
2024-04-21 21:00:52.668 [main] DEBUG components.HeaderComponent - Initialize Menu Component
2024-04-21 21:00:53.010 [main] DEBUG components.HeaderComponent - Create new MenuListComponent instance
2024-04-21 21:00:53.013 [main] DEBUG components.MenuListComponent - Click Close Menu button
[...]
2024-04-21 21:00:59.173 [main] DEBUG components.cart.CartItemListComponent - Initialize CartItems list
2024-04-21 21:00:59.177 [main] DEBUG components.cart.CartItemListComponent - Initialize CartItems list
2024-04-21 21:00:59.180 [main] DEBUG components.cart.CartItemListComponent - Get Cart Items
2024-04-21 21:00:59.184 [main] DEBUG components.HeaderComponent - Initialize Menu Component
2024-04-21 21:00:59.519 [main] DEBUG components.HeaderComponent - Create new MenuListComponent instance
2024-04-21 21:00:59.522 [main] DEBUG components.MenuListComponent - Click Close Menu button
2024-04-21 21:00:59.560 [main] DEBUG components.cart.CartItemListComponent - Initialize CartItems list
2024-04-21 21:00:59.582 [main] DEBUG components.MenuListComponent - Click All Items button
2024-04-21 21:01:00.139 [main] DEBUG components.HeaderComponent - Initialize Menu Component
2024-04-21 21:01:00.158 [main] DEBUG components.HeaderComponent - Create new MenuListComponent instance
2024-04-21 21:01:00.163 [main] DEBUG components.MenuListComponent - Click Close Menu button
2024-04-21 21:01:00.718 [main] DEBUG components.inventory.InventoryListComponent - Initialize Inventory List
2024-04-21 21:01:00.731 [main] DEBUG components.inventory.InventoryItem - Get Item name: Sauce Labs Backpack
2024-04-21 21:01:00.731 [main] DEBUG components.inventory.InventoryListComponent - Adding Item: Sauce Labs Backpack
2024-04-21 21:01:00.739 [main] DEBUG components.inventory.InventoryItem - Get Item name: Sauce Labs Bike Light
2024-04-21 21:01:00.739 [main] DEBUG components.inventory.InventoryListComponent - Adding Item: Sauce Labs Bike Light
2024-04-21 21:01:00.749 [main] DEBUG components.inventory.InventoryItem - Get Item name: Sauce Labs Bolt T-Shirt
2024-04-21 21:01:00.749 [main] DEBUG components.inventory.InventoryListComponent - Adding Item: Sauce Labs Bolt T-Shirt
2024-04-21 21:01:00.758 [main] DEBUG components.inventory.InventoryItem - Get Item name: Sauce Labs Fleece Jacket
2024-04-21 21:01:00.759 [main] DEBUG components.inventory.InventoryListComponent - Adding Item: Sauce Labs Fleece Jacket
2024-04-21 21:01:00.767 [main] DEBUG components.inventory.InventoryItem - Get Item name: Sauce Labs Onesie
2024-04-21 21:01:00.767 [main] DEBUG components.inventory.InventoryListComponent - Adding Item: Sauce Labs Onesie
2024-04-21 21:01:00.776 [main] DEBUG components.inventory.InventoryItem - Get Item name: Test.allTheThings() T-Shirt (Red)
2024-04-21 21:01:00.776 [main] DEBUG components.inventory.InventoryListComponent - Adding Item: Test.allTheThings() T-Shirt (Red)
2024-04-21 21:01:00.784 [main] DEBUG components.inventory.InventoryItem - Get Item name: Sauce Labs Onesie
2024-04-21 21:01:00.784 [main] DEBUG components.inventory.InventoryListComponent - Get Item 'Sauce Labs Onesie' with ID '4'
2024-04-21 21:01:00.792 [main] DEBUG components.inventory.InventoryItem - Get Item name: Sauce Labs Onesie
2024-04-21 21:01:00.792 [main] DEBUG components.inventory.InventoryItem - Click Label button
2024-04-21 21:01:00.823 [main] DEBUG components.HeaderComponent - Initialize Menu Component
2024-04-21 21:01:00.845 [main] DEBUG components.HeaderComponent - Create new MenuListComponent instance
2024-04-21 21:01:00.849 [main] DEBUG components.MenuListComponent - Click Close Menu button
2024-04-21 21:01:01.398 [main] DEBUG components.HeaderComponent - Initialize Menu Component
2024-04-21 21:01:01.734 [main] DEBUG components.HeaderComponent - Create new MenuListComponent instance
2024-04-21 21:01:01.738 [main] DEBUG components.MenuListComponent - Click Close Menu button
2024-04-21 21:01:01.784 [main] DEBUG components.HeaderComponent - Click Cart button
2024-04-21 21:01:01.813 [main] DEBUG components.HeaderComponent - Initialize Menu Component
2024-04-21 21:01:01.834 [main] DEBUG components.HeaderComponent - Create new MenuListComponent instance
2024-04-21 21:01:01.838 [main] DEBUG components.MenuListComponent - Click Close Menu button
2024-04-21 21:01:02.384 [main] DEBUG components.cart.CartItemListComponent - Initialize CartItems list
2024-04-21 21:01:02.395 [main] DEBUG components.cart.CartItem - Get Item name: Sauce Labs Onesie
2024-04-21 21:01:02.395 [main] DEBUG components.cart.CartItemListComponent - Adding CartItem: Sauce Labs Onesie
2024-04-21 21:01:02.399 [main] DEBUG components.cart.CartItemListComponent - Initialize CartItems list
2024-04-21 21:01:02.410 [main] DEBUG components.cart.CartItem - Get Item name: Sauce Labs Onesie
2024-04-21 21:01:02.410 [main] DEBUG components.cart.CartItemListComponent - Adding CartItem: Sauce Labs Onesie
2024-04-21 21:01:02.410 [main] DEBUG components.cart.CartFooter - Click Continue Shopping button
2024-04-21 21:01:02.443 [main] DEBUG components.HeaderComponent - Initialize Menu Component
2024-04-21 21:01:02.465 [main] DEBUG components.HeaderComponent - Create new MenuListComponent instance
2024-04-21 21:01:02.469 [main] DEBUG components.MenuListComponent - Click Close Menu button
2024-04-21 21:01:03.014 [main] DEBUG components.inventory.InventoryListComponent - Initialize Inventory List
2024-04-21 21:01:03.025 [main] DEBUG components.inventory.InventoryItem - Get Item name: Sauce Labs Backpack
2024-04-21 21:01:03.025 [main] DEBUG components.inventory.InventoryListComponent - Adding Item: Sauce Labs Backpack
2024-04-21 21:01:03.033 [main] DEBUG components.inventory.InventoryItem - Get Item name: Sauce Labs Bike Light
2024-04-21 21:01:03.033 [main] DEBUG components.inventory.InventoryListComponent - Adding Item: Sauce Labs Bike Light
2024-04-21 21:01:03.042 [main] DEBUG components.inventory.InventoryItem - Get Item name: Sauce Labs Bolt T-Shirt
2024-04-21 21:01:03.042 [main] DEBUG components.inventory.InventoryListComponent - Adding Item: Sauce Labs Bolt T-Shirt
2024-04-21 21:01:03.050 [main] DEBUG components.inventory.InventoryItem - Get Item name: Sauce Labs Fleece Jacket
2024-04-21 21:01:03.050 [main] DEBUG components.inventory.InventoryListComponent - Adding Item: Sauce Labs Fleece Jacket
2024-04-21 21:01:03.057 [main] DEBUG components.inventory.InventoryItem - Get Item name: Sauce Labs Onesie
2024-04-21 21:01:03.057 [main] DEBUG components.inventory.InventoryListComponent - Adding Item: Sauce Labs Onesie
2024-04-21 21:01:03.066 [main] DEBUG components.inventory.InventoryItem - Get Item name: Test.allTheThings() T-Shirt (Red)
2024-04-21 21:01:03.066 [main] DEBUG components.inventory.InventoryListComponent - Adding Item: Test.allTheThings() T-Shirt (Red)
2024-04-21 21:01:03.074 [main] DEBUG components.inventory.InventoryItem - Get Item name: Sauce Labs Onesie
2024-04-21 21:01:03.074 [main] DEBUG components.inventory.InventoryListComponent - Get Item 'Sauce Labs Onesie' with ID '4'
2024-04-21 21:01:03.074 [main] DEBUG components.inventory.InventoryItem - Click Label button
2024-04-21 21:01:03.102 [main] DEBUG components.HeaderComponent - Initialize Menu Component
2024-04-21 21:01:03.121 [main] DEBUG components.HeaderComponent - Create new MenuListComponent instance
2024-04-21 21:01:03.127 [main] DEBUG components.MenuListComponent - Click Close Menu button
2024-04-21 21:01:03.667 [main] DEBUG components.HeaderComponent - Initialize Menu Component
2024-04-21 21:01:03.995 [main] DEBUG components.HeaderComponent - Create new MenuListComponent instance
2024-04-21 21:01:03.999 [main] DEBUG components.MenuListComponent - Click Close Menu button
2024-04-21 21:01:04.047 [main] DEBUG components.HeaderComponent - Click Cart button
2024-04-21 21:01:04.075 [main] DEBUG components.HeaderComponent - Initialize Menu Component
2024-04-21 21:01:04.095 [main] DEBUG components.HeaderComponent - Create new MenuListComponent instance
2024-04-21 21:01:04.099 [main] DEBUG components.MenuListComponent - Click Close Menu button
2024-04-21 21:01:04.641 [main] DEBUG components.cart.CartItemListComponent - Initialize CartItems list
2024-04-21 21:01:04.649 [main] DEBUG components.cart.CartItemListComponent - Initialize CartItems list
2024-04-21 21:01:04.654 [main] DEBUG components.cart.CartItemListComponent - Initialize CartItems list
2024-04-21 21:01:04.657 [main] DEBUG components.cart.CartItemListComponent - Get Cart Items
2024-04-21 21:01:04.661 [main] DEBUG components.HeaderComponent - Initialize Menu Component
2024-04-21 21:01:04.990 [main] DEBUG components.HeaderComponent - Create new MenuListComponent instance
2024-04-21 21:01:04.994 [main] DEBUG components.MenuListComponent - Click Close Menu button
2024-04-21 21:01:05.032 [main] DEBUG components.cart.CartItemListComponent - Initialize CartItems list
2024-04-21 21:01:05.056 [main] DEBUG components.MenuListComponent - Click All Items button
2024-04-21 21:01:05.608 [main] DEBUG components.HeaderComponent - Initialize Menu Component
2024-04-21 21:01:05.627 [main] DEBUG components.HeaderComponent - Create new MenuListComponent instance
2024-04-21 21:01:05.630 [main] DEBUG components.MenuListComponent - Click Close Menu button
2024-04-21 21:01:06.186 [main] DEBUG components.inventory.InventoryListComponent - Initialize Inventory List
2024-04-21 21:01:06.197 [main] DEBUG components.inventory.InventoryItem - Get Item name: Sauce Labs Backpack
2024-04-21 21:01:06.197 [main] DEBUG components.inventory.InventoryListComponent - Adding Item: Sauce Labs Backpack
2024-04-21 21:01:06.205 [main] DEBUG components.inventory.InventoryItem - Get Item name: Sauce Labs Bike Light
2024-04-21 21:01:06.205 [main] DEBUG components.inventory.InventoryListComponent - Adding Item: Sauce Labs Bike Light
2024-04-21 21:01:06.212 [main] DEBUG components.inventory.InventoryItem - Get Item name: Sauce Labs Bolt T-Shirt
2024-04-21 21:01:06.212 [main] DEBUG components.inventory.InventoryListComponent - Adding Item: Sauce Labs Bolt T-Shirt
2024-04-21 21:01:06.219 [main] DEBUG components.inventory.InventoryItem - Get Item name: Sauce Labs Fleece Jacket
2024-04-21 21:01:06.219 [main] DEBUG components.inventory.InventoryListComponent - Adding Item: Sauce Labs Fleece Jacket
2024-04-21 21:01:06.227 [main] DEBUG components.inventory.InventoryItem - Get Item name: Sauce Labs Onesie
2024-04-21 21:01:06.228 [main] DEBUG components.inventory.InventoryListComponent - Adding Item: Sauce Labs Onesie
2024-04-21 21:01:06.235 [main] DEBUG components.inventory.InventoryItem - Get Item name: Test.allTheThings() T-Shirt (Red)
2024-04-21 21:01:06.235 [main] DEBUG components.inventory.InventoryListComponent - Adding Item: Test.allTheThings() T-Shirt (Red)
2024-04-21 21:01:06.242 [main] DEBUG components.inventory.InventoryItem - Get Item name: Test.allTheThings() T-Shirt (Red)
2024-04-21 21:01:06.242 [main] DEBUG components.inventory.InventoryListComponent - Get Item 'Test.allTheThings() T-Shirt (Red)' with ID '5'
2024-04-21 21:01:06.249 [main] DEBUG components.inventory.InventoryItem - Get Item name: Test.allTheThings() T-Shirt (Red)
2024-04-21 21:01:06.249 [main] DEBUG components.inventory.InventoryItem - Click Label button
2024-04-21 21:01:06.278 [main] DEBUG components.HeaderComponent - Initialize Menu Component
2024-04-21 21:01:06.297 [main] DEBUG components.HeaderComponent - Create new MenuListComponent instance
2024-04-21 21:01:06.302 [main] DEBUG components.MenuListComponent - Click Close Menu button
2024-04-21 21:01:06.849 [main] DEBUG components.HeaderComponent - Initialize Menu Component
2024-04-21 21:01:07.183 [main] DEBUG components.HeaderComponent - Create new MenuListComponent instance
2024-04-21 21:01:07.187 [main] DEBUG components.MenuListComponent - Click Close Menu button
2024-04-21 21:01:07.232 [main] DEBUG components.HeaderComponent - Click Cart button
2024-04-21 21:01:07.262 [main] DEBUG components.HeaderComponent - Initialize Menu Component
2024-04-21 21:01:07.285 [main] DEBUG components.HeaderComponent - Create new MenuListComponent instance
2024-04-21 21:01:07.291 [main] DEBUG components.MenuListComponent - Click Close Menu button
2024-04-21 21:01:07.852 [main] DEBUG components.cart.CartItemListComponent - Initialize CartItems list
2024-04-21 21:01:07.862 [main] DEBUG components.cart.CartItem - Get Item name: Test.allTheThings() T-Shirt (Red)
2024-04-21 21:01:07.862 [main] DEBUG components.cart.CartItemListComponent - Adding CartItem: Test.allTheThings() T-Shirt (Red)
2024-04-21 21:01:07.866 [main] DEBUG components.cart.CartItemListComponent - Initialize CartItems list
2024-04-21 21:01:07.877 [main] DEBUG components.cart.CartItem - Get Item name: Test.allTheThings() T-Shirt (Red)
2024-04-21 21:01:07.877 [main] DEBUG components.cart.CartItemListComponent - Adding CartItem: Test.allTheThings() T-Shirt (Red)
2024-04-21 21:01:07.877 [main] DEBUG components.cart.CartFooter - Click Continue Shopping button
2024-04-21 21:01:07.906 [main] DEBUG components.HeaderComponent - Initialize Menu Component
2024-04-21 21:01:07.924 [main] DEBUG components.HeaderComponent - Create new MenuListComponent instance
2024-04-21 21:01:07.929 [main] DEBUG components.MenuListComponent - Click Close Menu button
2024-04-21 21:01:08.475 [main] DEBUG components.inventory.InventoryListComponent - Initialize Inventory List
2024-04-21 21:01:08.486 [main] DEBUG components.inventory.InventoryItem - Get Item name: Sauce Labs Backpack
2024-04-21 21:01:08.486 [main] DEBUG components.inventory.InventoryListComponent - Adding Item: Sauce Labs Backpack
2024-04-21 21:01:08.494 [main] DEBUG components.inventory.InventoryItem - Get Item name: Sauce Labs Bike Light
2024-04-21 21:01:08.494 [main] DEBUG components.inventory.InventoryListComponent - Adding Item: Sauce Labs Bike Light
2024-04-21 21:01:08.503 [main] DEBUG components.inventory.InventoryItem - Get Item name: Sauce Labs Bolt T-Shirt
2024-04-21 21:01:08.503 [main] DEBUG components.inventory.InventoryListComponent - Adding Item: Sauce Labs Bolt T-Shirt
2024-04-21 21:01:08.510 [main] DEBUG components.inventory.InventoryItem - Get Item name: Sauce Labs Fleece Jacket
2024-04-21 21:01:08.510 [main] DEBUG components.inventory.InventoryListComponent - Adding Item: Sauce Labs Fleece Jacket
2024-04-21 21:01:08.517 [main] DEBUG components.inventory.InventoryItem - Get Item name: Sauce Labs Onesie
2024-04-21 21:01:08.517 [main] DEBUG components.inventory.InventoryListComponent - Adding Item: Sauce Labs Onesie
2024-04-21 21:01:08.524 [main] DEBUG components.inventory.InventoryItem - Get Item name: Test.allTheThings() T-Shirt (Red)
2024-04-21 21:01:08.524 [main] DEBUG components.inventory.InventoryListComponent - Adding Item: Test.allTheThings() T-Shirt (Red)
2024-04-21 21:01:08.532 [main] DEBUG components.inventory.InventoryItem - Get Item name: Test.allTheThings() T-Shirt (Red)
2024-04-21 21:01:08.532 [main] DEBUG components.inventory.InventoryListComponent - Get Item 'Test.allTheThings() T-Shirt (Red)' with ID '5'
2024-04-21 21:01:08.532 [main] DEBUG components.inventory.InventoryItem - Click Label button
2024-04-21 21:01:08.560 [main] DEBUG components.HeaderComponent - Initialize Menu Component
2024-04-21 21:01:08.579 [main] DEBUG components.HeaderComponent - Create new MenuListComponent instance
2024-04-21 21:01:08.584 [main] DEBUG components.MenuListComponent - Click Close Menu button
2024-04-21 21:01:09.126 [main] DEBUG components.HeaderComponent - Initialize Menu Component
2024-04-21 21:01:09.459 [main] DEBUG components.HeaderComponent - Create new MenuListComponent instance
2024-04-21 21:01:09.463 [main] DEBUG components.MenuListComponent - Click Close Menu button
2024-04-21 21:01:09.506 [main] DEBUG components.HeaderComponent - Click Cart button
2024-04-21 21:01:09.532 [main] DEBUG components.HeaderComponent - Initialize Menu Component
2024-04-21 21:01:09.551 [main] DEBUG components.HeaderComponent - Create new MenuListComponent instance
2024-04-21 21:01:09.556 [main] DEBUG components.MenuListComponent - Click Close Menu button
2024-04-21 21:01:10.108 [main] DEBUG components.cart.CartItemListComponent - Initialize CartItems list
2024-04-21 21:01:10.117 [main] DEBUG components.cart.CartItemListComponent - Initialize CartItems list
2024-04-21 21:01:10.122 [main] DEBUG components.cart.CartItemListComponent - Initialize CartItems list
2024-04-21 21:01:10.127 [main] DEBUG components.cart.CartItemListComponent - Get Cart Items
2024-04-21 21:01:10.130 [main] DEBUG components.HeaderComponent - Initialize Menu Component
2024-04-21 21:01:10.470 [main] DEBUG components.HeaderComponent - Create new MenuListComponent instance
2024-04-21 21:01:10.474 [main] DEBUG components.MenuListComponent - Click Close Menu button
2024-04-21 21:01:10.509 [main] DEBUG components.cart.CartItemListComponent - Initialize CartItems list
2024-04-21 21:01:10.530 [main] DEBUG components.MenuListComponent - Click All Items button
]]></system-out>
    <system-err><![CDATA[abr 21, 2024 9:00:36 P. M. org.openqa.selenium.remote.http.WebSocket$Listener onError
WARNING: Connection reset
java.net.SocketException: Connection reset
	at java.base/sun.nio.ch.SocketChannelImpl.throwConnectionReset(SocketChannelImpl.java:401)
	at java.base/sun.nio.ch.SocketChannelImpl.read(SocketChannelImpl.java:434)
	at java.net.http/jdk.internal.net.http.SocketTube.readAvailable(SocketTube.java:1178)
	at java.net.http/jdk.internal.net.http.SocketTube$InternalReadPublisher$InternalReadSubscription.read(SocketTube.java:841)
	at java.net.http/jdk.internal.net.http.SocketTube$SocketFlowTask.run(SocketTube.java:181)
	at java.net.http/jdk.internal.net.http.common.SequentialScheduler$SchedulableTask.run(SequentialScheduler.java:207)
	at java.net.http/jdk.internal.net.http.common.SequentialScheduler.runOrSchedule(SequentialScheduler.java:280)
	at java.net.http/jdk.internal.net.http.common.SequentialScheduler.runOrSchedule(SequentialScheduler.java:233)
	at java.net.http/jdk.internal.net.http.SocketTube$InternalReadPublisher$InternalReadSubscription.signalReadable(SocketTube.java:782)
	at java.net.http/jdk.internal.net.http.SocketTube$InternalReadPublisher$ReadEvent.signalEvent(SocketTube.java:965)
	at java.net.http/jdk.internal.net.http.SocketTube$SocketFlowEvent.handle(SocketTube.java:253)
	at java.net.http/jdk.internal.net.http.HttpClientImpl$SelectorManager.handleEvent(HttpClientImpl.java:1467)
	at java.net.http/jdk.internal.net.http.HttpClientImpl$SelectorManager.lambda$run$3(HttpClientImpl.java:1412)
	at java.base/java.util.ArrayList.forEach(ArrayList.java:1596)
	at java.net.http/jdk.internal.net.http.HttpClientImpl$SelectorManager.run(HttpClientImpl.java:1412)

abr 21, 2024 9:00:37 P. M. org.openqa.selenium.devtools.CdpVersionFinder findNearestMatch
WARNING: Unable to find an exact match for CDP version 123, returning the closest version; found: 122; Please update to a Selenium version that supports CDP version 123
]]></system-err>
  </testcase>
  <testcase name="correctLogin" classname="tests.LoginTest" time="1.181">
    <system-out><![CDATA[El test Remove item from cart resultó: 1
2024-04-21 21:01:12.240 [main] DEBUG components.LoginComponent - Enter Username: standard_user
2024-04-21 21:01:12.301 [main] DEBUG components.LoginComponent - Enter Password: secret_sauce
2024-04-21 21:01:12.357 [main] DEBUG components.LoginComponent - Click Login button
2024-04-21 21:01:12.432 [main] DEBUG components.HeaderComponent - Initialize Menu Component
2024-04-21 21:01:12.469 [main] DEBUG components.HeaderComponent - Create new MenuListComponent instance
2024-04-21 21:01:12.477 [main] DEBUG components.MenuListComponent - Click Close Menu button
2024-04-21 21:01:13.044 [main] DEBUG components.HeaderComponent - Initialize Menu Component
2024-04-21 21:01:13.375 [main] DEBUG components.HeaderComponent - Create new MenuListComponent instance
2024-04-21 21:01:13.379 [main] DEBUG components.MenuListComponent - Click Close Menu button
]]></system-out>
    <system-err><![CDATA[abr 21, 2024 9:01:11 P. M. org.openqa.selenium.devtools.CdpVersionFinder findNearestMatch
WARNING: Unable to find an exact match for CDP version 123, returning the closest version; found: 122; Please update to a Selenium version that supports CDP version 123
]]></system-err>
  </testcase>
</testsuite>